Command line invocation:
    /Applications/Xcode.app/Contents/Developer/usr/bin/xcodebuild -scheme CryptoSavingsTracker -configuration Debug -sdk macosx -destination platform=macOS build

Build settings from command line:
    SDKROOT = macosx26.1

2025-11-22 13:32:40.179 xcodebuild[26997:9795259]  DVTDeviceOperation: Encountered a build number "" that is incompatible with DVTBuildVersion.
--- xcodebuild: WARNING: Using the first of multiple matching destinations:
{ platform:macOS, arch:arm64, id:00006000-0014108A2E02401E, name:My Mac }
{ platform:macOS, arch:x86_64, id:00006000-0014108A2E02401E, name:My Mac }
2025-11-22 13:32:40.383 xcodebuild[26997:9795223] [MT] DVTDeviceOperation: Encountered a build number "" that is incompatible with DVTBuildVersion.
ComputePackagePrebuildTargetDependencyGraph

Prepare packages

CreateBuildRequest

SendProjectDescription

CreateBuildOperation

ComputeTargetDependencyGraph
note: Building targets in dependency order
note: Target dependency graph (1 target)
    Target 'CryptoSavingsTracker' in project 'CryptoSavingsTracker' (no dependencies)

GatherProvisioningInputs

CreateBuildDescription

ExecuteExternalTool /Applications/Xcode.app/Contents/Developer/Toolchains/XcodeDefault.xctoolchain/usr/bin/clang -v -E -dM -isysroot /Applications/Xcode.app/Contents/Developer/Platforms/MacOSX.platform/Developer/SDKs/MacOSX26.1.sdk -x c -c /dev/null

ExecuteExternalTool /Applications/Xcode.app/Contents/Developer/usr/bin/actool --version --output-format xml1

ExecuteExternalTool /Applications/Xcode.app/Contents/Developer/Toolchains/XcodeDefault.xctoolchain/usr/bin/swiftc --version

ExecuteExternalTool /Applications/Xcode.app/Contents/Developer/Toolchains/XcodeDefault.xctoolchain/usr/bin/ld -version_details

Build description signature: c5150fcd15f790e9f379248e400b6762
Build description path: /Users/user/Library/Developer/Xcode/DerivedData/CryptoSavingsTracker-evaaynijwpcemaawvpwtepatwgti/Build/Intermediates.noindex/XCBuildData/c5150fcd15f790e9f379248e400b6762.xcbuilddata
ClangStatCache /Applications/Xcode.app/Contents/Developer/Toolchains/XcodeDefault.xctoolchain/usr/bin/clang-stat-cache /Applications/Xcode.app/Contents/Developer/Platforms/MacOSX.platform/Developer/SDKs/MacOSX26.1.sdk /Users/user/Library/Developer/Xcode/DerivedData/SDKStatCaches.noindex/macosx26.1-25B74-3ae1261907bdadc328169391a47051a6.sdkstatcache
    cd /Users/user/Documents/CryptoSavingsTracker/CryptoSavingsTracker.xcodeproj
    /Applications/Xcode.app/Contents/Developer/Toolchains/XcodeDefault.xctoolchain/usr/bin/clang-stat-cache /Applications/Xcode.app/Contents/Developer/Platforms/MacOSX.platform/Developer/SDKs/MacOSX26.1.sdk -o /Users/user/Library/Developer/Xcode/DerivedData/SDKStatCaches.noindex/macosx26.1-25B74-3ae1261907bdadc328169391a47051a6.sdkstatcache

SwiftDriver CryptoSavingsTracker normal arm64 com.apple.xcode.tools.swift.compiler (in target 'CryptoSavingsTracker' from project 'CryptoSavingsTracker')
    cd /Users/user/Documents/CryptoSavingsTracker
    builtin-SwiftDriver -- /Applications/Xcode.app/Contents/Developer/Toolchains/XcodeDefault.xctoolchain/usr/bin/swiftc -module-name CryptoSavingsTracker -Onone -enforce-exclusivity\=checked @/Users/user/Library/Developer/Xcode/DerivedData/CryptoSavingsTracker-evaaynijwpcemaawvpwtepatwgti/Build/Intermediates.noindex/CryptoSavingsTracker.build/Debug/CryptoSavingsTracker.build/Objects-normal/arm64/CryptoSavingsTracker.SwiftFileList -DDEBUG -default-isolation\=MainActor -enable-bare-slash-regex -enable-upcoming-feature MemberImportVisibility -enable-experimental-feature DebugDescriptionMacro -sdk /Applications/Xcode.app/Contents/Developer/Platforms/MacOSX.platform/Developer/SDKs/MacOSX26.1.sdk -target arm64-apple-macos15.5 -g -module-cache-path /Users/user/Library/Developer/Xcode/DerivedData/ModuleCache.noindex -Xfrontend -serialize-debugging-options -enable-testing -index-store-path /Users/user/Library/Developer/Xcode/DerivedData/CryptoSavingsTracker-evaaynijwpcemaawvpwtepatwgti/Index.noindex/DataStore -Xcc -D_LIBCPP_HARDENING_MODE\=_LIBCPP_HARDENING_MODE_DEBUG -swift-version 5 -I /Users/user/Library/Developer/Xcode/DerivedData/CryptoSavingsTracker-evaaynijwpcemaawvpwtepatwgti/Build/Products/Debug -F /Users/user/Library/Developer/Xcode/DerivedData/CryptoSavingsTracker-evaaynijwpcemaawvpwtepatwgti/Build/Products/Debug -emit-localized-strings -emit-localized-strings-path /Users/user/Library/Developer/Xcode/DerivedData/CryptoSavingsTracker-evaaynijwpcemaawvpwtepatwgti/Build/Intermediates.noindex/CryptoSavingsTracker.build/Debug/CryptoSavingsTracker.build/Objects-normal/arm64 -c -j10 -enable-batch-mode -incremental -Xcc -ivfsstatcache -Xcc /Users/user/Library/Developer/Xcode/DerivedData/SDKStatCaches.noindex/macosx26.1-25B74-3ae1261907bdadc328169391a47051a6.sdkstatcache -output-file-map /Users/user/Library/Developer/Xcode/DerivedData/CryptoSavingsTracker-evaaynijwpcemaawvpwtepatwgti/Build/Intermediates.noindex/CryptoSavingsTracker.build/Debug/CryptoSavingsTracker.build/Objects-normal/arm64/CryptoSavingsTracker-OutputFileMap.json -use-frontend-parseable-output -save-temps -no-color-diagnostics -explicit-module-build -module-cache-path /Users/user/Library/Developer/Xcode/DerivedData/CryptoSavingsTracker-evaaynijwpcemaawvpwtepatwgti/Build/Intermediates.noindex/SwiftExplicitPrecompiledModules -clang-scanner-module-cache-path /Users/user/Library/Developer/Xcode/DerivedData/ModuleCache.noindex -sdk-module-cache-path /Users/user/Library/Developer/Xcode/DerivedData/ModuleCache.noindex -serialize-diagnostics -emit-dependencies -emit-module -emit-module-path /Users/user/Library/Developer/Xcode/DerivedData/CryptoSavingsTracker-evaaynijwpcemaawvpwtepatwgti/Build/Intermediates.noindex/CryptoSavingsTracker.build/Debug/CryptoSavingsTracker.build/Objects-normal/arm64/CryptoSavingsTracker.swiftmodule -validate-clang-modules-once -clang-build-session-file /Users/user/Library/Developer/Xcode/DerivedData/ModuleCache.noindex/Session.modulevalidation -Xcc -I/Users/user/Library/Developer/Xcode/DerivedData/CryptoSavingsTracker-evaaynijwpcemaawvpwtepatwgti/Build/Intermediates.noindex/CryptoSavingsTracker.build/Debug/CryptoSavingsTracker.build/swift-overrides.hmap -emit-const-values -Xfrontend -const-gather-protocols-file -Xfrontend /Users/user/Library/Developer/Xcode/DerivedData/CryptoSavingsTracker-evaaynijwpcemaawvpwtepatwgti/Build/Intermediates.noindex/CryptoSavingsTracker.build/Debug/CryptoSavingsTracker.build/Objects-normal/arm64/CryptoSavingsTracker_const_extract_protocols.json -Xcc -iquote -Xcc /Users/user/Library/Developer/Xcode/DerivedData/CryptoSavingsTracker-evaaynijwpcemaawvpwtepatwgti/Build/Intermediates.noindex/CryptoSavingsTracker.build/Debug/CryptoSavingsTracker.build/CryptoSavingsTracker-generated-files.hmap -Xcc -I/Users/user/Library/Developer/Xcode/DerivedData/CryptoSavingsTracker-evaaynijwpcemaawvpwtepatwgti/Build/Intermediates.noindex/CryptoSavingsTracker.build/Debug/CryptoSavingsTracker.build/CryptoSavingsTracker-own-target-headers.hmap -Xcc -I/Users/user/Library/Developer/Xcode/DerivedData/CryptoSavingsTracker-evaaynijwpcemaawvpwtepatwgti/Build/Intermediates.noindex/CryptoSavingsTracker.build/Debug/CryptoSavingsTracker.build/CryptoSavingsTracker-all-target-headers.hmap -Xcc -iquote -Xcc /Users/user/Library/Developer/Xcode/DerivedData/CryptoSavingsTracker-evaaynijwpcemaawvpwtepatwgti/Build/Intermediates.noindex/CryptoSavingsTracker.build/Debug/CryptoSavingsTracker.build/CryptoSavingsTracker-project-headers.hmap -Xcc -I/Users/user/Library/Developer/Xcode/DerivedData/CryptoSavingsTracker-evaaynijwpcemaawvpwtepatwgti/Build/Products/Debug/include -Xcc -I/Users/user/Library/Developer/Xcode/DerivedData/CryptoSavingsTracker-evaaynijwpcemaawvpwtepatwgti/Build/Intermediates.noindex/CryptoSavingsTracker.build/Debug/CryptoSavingsTracker.build/DerivedSources-normal/arm64 -Xcc -I/Users/user/Library/Developer/Xcode/DerivedData/CryptoSavingsTracker-evaaynijwpcemaawvpwtepatwgti/Build/Intermediates.noindex/CryptoSavingsTracker.build/Debug/CryptoSavingsTracker.build/DerivedSources/arm64 -Xcc -I/Users/user/Library/Developer/Xcode/DerivedData/CryptoSavingsTracker-evaaynijwpcemaawvpwtepatwgti/Build/Intermediates.noindex/CryptoSavingsTracker.build/Debug/CryptoSavingsTracker.build/DerivedSources -Xcc -DDEBUG\=1 -emit-objc-header -emit-objc-header-path /Users/user/Library/Developer/Xcode/DerivedData/CryptoSavingsTracker-evaaynijwpcemaawvpwtepatwgti/Build/Intermediates.noindex/CryptoSavingsTracker.build/Debug/CryptoSavingsTracker.build/Objects-normal/arm64/CryptoSavingsTracker-Swift.h -working-directory /Users/user/Documents/CryptoSavingsTracker -experimental-emit-module-separately -disable-cmo

SwiftCompile normal arm64 Compiling\ LineChartView.swift,\ ProgressRingView.swift,\ SimpleLineChartView.swift,\ SimpleStackedBarView.swift,\ SparklineChartView.swift,\ StackedBarChartView.swift,\ AllocationPromptBanner.swift,\ ChartErrorView.swift,\ DashboardMetricsGrid.swift,\ DetailContainerView.swift,\ EmojiPickerView.swift,\ EmptyDetailView.swift,\ EmptyGoalsView.swift /Users/user/Documents/CryptoSavingsTracker/CryptoSavingsTracker/Views/Charts/LineChartView.swift /Users/user/Documents/CryptoSavingsTracker/CryptoSavingsTracker/Views/Charts/ProgressRingView.swift /Users/user/Documents/CryptoSavingsTracker/CryptoSavingsTracker/Views/Charts/SimpleLineChartView.swift /Users/user/Documents/CryptoSavingsTracker/CryptoSavingsTracker/Views/Charts/SimpleStackedBarView.swift /Users/user/Documents/CryptoSavingsTracker/CryptoSavingsTracker/Views/Charts/SparklineChartView.swift /Users/user/Documents/CryptoSavingsTracker/CryptoSavingsTracker/Views/Charts/StackedBarChartView.swift /Users/user/Documents/CryptoSavingsTracker/CryptoSavingsTracker/Views/Components/AllocationPromptBanner.swift /Users/user/Documents/CryptoSavingsTracker/CryptoSavingsTracker/Views/Components/ChartErrorView.swift /Users/user/Documents/CryptoSavingsTracker/CryptoSavingsTracker/Views/Components/DashboardMetricsGrid.swift /Users/user/Documents/CryptoSavingsTracker/CryptoSavingsTracker/Views/Components/DetailContainerView.swift /Users/user/Documents/CryptoSavingsTracker/CryptoSavingsTracker/Views/Components/EmojiPickerView.swift /Users/user/Documents/CryptoSavingsTracker/CryptoSavingsTracker/Views/Components/EmptyDetailView.swift /Users/user/Documents/CryptoSavingsTracker/CryptoSavingsTracker/Views/Components/EmptyGoalsView.swift (in target 'CryptoSavingsTracker' from project 'CryptoSavingsTracker')

SwiftCompile normal arm64 /Users/user/Documents/CryptoSavingsTracker/CryptoSavingsTracker/Views/Charts/LineChartView.swift (in target 'CryptoSavingsTracker' from project 'CryptoSavingsTracker')
    cd /Users/user/Documents/CryptoSavingsTracker
    

SwiftCompile normal arm64 /Users/user/Documents/CryptoSavingsTracker/CryptoSavingsTracker/Views/Charts/ProgressRingView.swift (in target 'CryptoSavingsTracker' from project 'CryptoSavingsTracker')
    cd /Users/user/Documents/CryptoSavingsTracker
    

SwiftCompile normal arm64 /Users/user/Documents/CryptoSavingsTracker/CryptoSavingsTracker/Views/Charts/SimpleLineChartView.swift (in target 'CryptoSavingsTracker' from project 'CryptoSavingsTracker')
    cd /Users/user/Documents/CryptoSavingsTracker
    

SwiftCompile normal arm64 /Users/user/Documents/CryptoSavingsTracker/CryptoSavingsTracker/Views/Charts/SimpleStackedBarView.swift (in target 'CryptoSavingsTracker' from project 'CryptoSavingsTracker')
    cd /Users/user/Documents/CryptoSavingsTracker
    

SwiftCompile normal arm64 /Users/user/Documents/CryptoSavingsTracker/CryptoSavingsTracker/Views/Charts/SparklineChartView.swift (in target 'CryptoSavingsTracker' from project 'CryptoSavingsTracker')
    cd /Users/user/Documents/CryptoSavingsTracker
    

SwiftCompile normal arm64 /Users/user/Documents/CryptoSavingsTracker/CryptoSavingsTracker/Views/Charts/StackedBarChartView.swift (in target 'CryptoSavingsTracker' from project 'CryptoSavingsTracker')
    cd /Users/user/Documents/CryptoSavingsTracker
    

SwiftCompile normal arm64 /Users/user/Documents/CryptoSavingsTracker/CryptoSavingsTracker/Views/Components/AllocationPromptBanner.swift (in target 'CryptoSavingsTracker' from project 'CryptoSavingsTracker')
    cd /Users/user/Documents/CryptoSavingsTracker
    

SwiftCompile normal arm64 /Users/user/Documents/CryptoSavingsTracker/CryptoSavingsTracker/Views/Components/ChartErrorView.swift (in target 'CryptoSavingsTracker' from project 'CryptoSavingsTracker')
    cd /Users/user/Documents/CryptoSavingsTracker
    

SwiftCompile normal arm64 /Users/user/Documents/CryptoSavingsTracker/CryptoSavingsTracker/Views/Components/DashboardMetricsGrid.swift (in target 'CryptoSavingsTracker' from project 'CryptoSavingsTracker')
    cd /Users/user/Documents/CryptoSavingsTracker
    

SwiftCompile normal arm64 /Users/user/Documents/CryptoSavingsTracker/CryptoSavingsTracker/Views/Components/DetailContainerView.swift (in target 'CryptoSavingsTracker' from project 'CryptoSavingsTracker')
    cd /Users/user/Documents/CryptoSavingsTracker
    

SwiftCompile normal arm64 /Users/user/Documents/CryptoSavingsTracker/CryptoSavingsTracker/Views/Components/EmojiPickerView.swift (in target 'CryptoSavingsTracker' from project 'CryptoSavingsTracker')
    cd /Users/user/Documents/CryptoSavingsTracker
    

SwiftCompile normal arm64 /Users/user/Documents/CryptoSavingsTracker/CryptoSavingsTracker/Views/Components/EmptyDetailView.swift (in target 'CryptoSavingsTracker' from project 'CryptoSavingsTracker')
    cd /Users/user/Documents/CryptoSavingsTracker
    

SwiftCompile normal arm64 /Users/user/Documents/CryptoSavingsTracker/CryptoSavingsTracker/Views/Components/EmptyGoalsView.swift (in target 'CryptoSavingsTracker' from project 'CryptoSavingsTracker')
    cd /Users/user/Documents/CryptoSavingsTracker
    

SwiftCompile normal arm64 Compiling\ EmptyStateView.swift,\ ExchangeRateWarningView.swift,\ FlexAdjustmentSlider.swift,\ GoalAllocationCard.swift,\ GoalsSidebarView.swift,\ GoalSwitcherBar.swift,\ HelpTooltip.swift,\ HeroProgressView.swift,\ HoverTooltipView.swift,\ ImpactPreviewCard.swift,\ MonthlyPlanningWidget.swift,\ OnboardingTooltip.swift,\ ReminderConfigurationView.swift /Users/user/Documents/CryptoSavingsTracker/CryptoSavingsTracker/Views/Components/EmptyStateView.swift /Users/user/Documents/CryptoSavingsTracker/CryptoSavingsTracker/Views/Components/ExchangeRateWarningView.swift /Users/user/Documents/CryptoSavingsTracker/CryptoSavingsTracker/Views/Components/FlexAdjustmentSlider.swift /Users/user/Documents/CryptoSavingsTracker/CryptoSavingsTracker/Views/Components/GoalAllocationCard.swift /Users/user/Documents/CryptoSavingsTracker/CryptoSavingsTracker/Views/Components/GoalsSidebarView.swift /Users/user/Documents/CryptoSavingsTracker/CryptoSavingsTracker/Views/Components/GoalSwitcherBar.swift /Users/user/Documents/CryptoSavingsTracker/CryptoSavingsTracker/Views/Components/HelpTooltip.swift /Users/user/Documents/CryptoSavingsTracker/CryptoSavingsTracker/Views/Components/HeroProgressView.swift /Users/user/Documents/CryptoSavingsTracker/CryptoSavingsTracker/Views/Components/HoverTooltipView.swift /Users/user/Documents/CryptoSavingsTracker/CryptoSavingsTracker/Views/Components/ImpactPreviewCard.swift /Users/user/Documents/CryptoSavingsTracker/CryptoSavingsTracker/Views/Components/MonthlyPlanningWidget.swift /Users/user/Documents/CryptoSavingsTracker/CryptoSavingsTracker/Views/Components/OnboardingTooltip.swift /Users/user/Documents/CryptoSavingsTracker/CryptoSavingsTracker/Views/Components/ReminderConfigurationView.swift (in target 'CryptoSavingsTracker' from project 'CryptoSavingsTracker')
SwiftCompile normal arm64 /Users/user/Documents/CryptoSavingsTracker/CryptoSavingsTracker/Views/Components/EmptyStateView.swift (in target 'CryptoSavingsTracker' from project 'CryptoSavingsTracker')
    cd /Users/user/Documents/CryptoSavingsTracker
    

SwiftCompile normal arm64 /Users/user/Documents/CryptoSavingsTracker/CryptoSavingsTracker/Views/Components/ExchangeRateWarningView.swift (in target 'CryptoSavingsTracker' from project 'CryptoSavingsTracker')
    cd /Users/user/Documents/CryptoSavingsTracker
    

SwiftCompile normal arm64 /Users/user/Documents/CryptoSavingsTracker/CryptoSavingsTracker/Views/Components/FlexAdjustmentSlider.swift (in target 'CryptoSavingsTracker' from project 'CryptoSavingsTracker')
    cd /Users/user/Documents/CryptoSavingsTracker
    

SwiftCompile normal arm64 /Users/user/Documents/CryptoSavingsTracker/CryptoSavingsTracker/Views/Components/GoalAllocationCard.swift (in target 'CryptoSavingsTracker' from project 'CryptoSavingsTracker')
    cd /Users/user/Documents/CryptoSavingsTracker
    

SwiftCompile normal arm64 /Users/user/Documents/CryptoSavingsTracker/CryptoSavingsTracker/Views/Components/GoalsSidebarView.swift (in target 'CryptoSavingsTracker' from project 'CryptoSavingsTracker')
    cd /Users/user/Documents/CryptoSavingsTracker
    

SwiftCompile normal arm64 /Users/user/Documents/CryptoSavingsTracker/CryptoSavingsTracker/Views/Components/GoalSwitcherBar.swift (in target 'CryptoSavingsTracker' from project 'CryptoSavingsTracker')
    cd /Users/user/Documents/CryptoSavingsTracker
    

SwiftCompile normal arm64 /Users/user/Documents/CryptoSavingsTracker/CryptoSavingsTracker/Views/Components/HelpTooltip.swift (in target 'CryptoSavingsTracker' from project 'CryptoSavingsTracker')
    cd /Users/user/Documents/CryptoSavingsTracker
    

SwiftCompile normal arm64 /Users/user/Documents/CryptoSavingsTracker/CryptoSavingsTracker/Views/Components/HeroProgressView.swift (in target 'CryptoSavingsTracker' from project 'CryptoSavingsTracker')
    cd /Users/user/Documents/CryptoSavingsTracker
    

SwiftCompile normal arm64 /Users/user/Documents/CryptoSavingsTracker/CryptoSavingsTracker/Views/Components/HoverTooltipView.swift (in target 'CryptoSavingsTracker' from project 'CryptoSavingsTracker')
    cd /Users/user/Documents/CryptoSavingsTracker
    

SwiftCompile normal arm64 /Users/user/Documents/CryptoSavingsTracker/CryptoSavingsTracker/Views/Components/ImpactPreviewCard.swift (in target 'CryptoSavingsTracker' from project 'CryptoSavingsTracker')
    cd /Users/user/Documents/CryptoSavingsTracker
    

SwiftCompile normal arm64 /Users/user/Documents/CryptoSavingsTracker/CryptoSavingsTracker/Views/Components/MonthlyPlanningWidget.swift (in target 'CryptoSavingsTracker' from project 'CryptoSavingsTracker')
    cd /Users/user/Documents/CryptoSavingsTracker
    

SwiftCompile normal arm64 /Users/user/Documents/CryptoSavingsTracker/CryptoSavingsTracker/Views/Components/OnboardingTooltip.swift (in target 'CryptoSavingsTracker' from project 'CryptoSavingsTracker')
    cd /Users/user/Documents/CryptoSavingsTracker
    

SwiftCompile normal arm64 /Users/user/Documents/CryptoSavingsTracker/CryptoSavingsTracker/Views/Components/ReminderConfigurationView.swift (in target 'CryptoSavingsTracker' from project 'CryptoSavingsTracker')
    cd /Users/user/Documents/CryptoSavingsTracker
    

SwiftCompile normal arm64 Compiling\ MonthlyPlan.swift,\ MonthlyPlanningSettings.swift,\ MonthlyRequirement.swift,\ QuickAction.swift,\ ReminderFrequency.swift,\ Transaction.swift,\ Coordinator.swift,\ ChartInteractionProtocol.swift,\ GoalRepository.swift,\ ServiceProtocols.swift,\ AllocationService.swift,\ BalanceService.swift,\ ChainService.swift,\ CoinGeckoService.swift /Users/user/Documents/CryptoSavingsTracker/CryptoSavingsTracker/Models/MonthlyPlan.swift /Users/user/Documents/CryptoSavingsTracker/CryptoSavingsTracker/Models/MonthlyPlanningSettings.swift /Users/user/Documents/CryptoSavingsTracker/CryptoSavingsTracker/Models/MonthlyRequirement.swift /Users/user/Documents/CryptoSavingsTracker/CryptoSavingsTracker/Models/QuickAction.swift /Users/user/Documents/CryptoSavingsTracker/CryptoSavingsTracker/Models/ReminderFrequency.swift /Users/user/Documents/CryptoSavingsTracker/CryptoSavingsTracker/Models/Transaction.swift /Users/user/Documents/CryptoSavingsTracker/CryptoSavingsTracker/Navigation/Coordinator.swift /Users/user/Documents/CryptoSavingsTracker/CryptoSavingsTracker/Protocols/ChartInteractionProtocol.swift /Users/user/Documents/CryptoSavingsTracker/CryptoSavingsTracker/Repositories/GoalRepository.swift /Users/user/Documents/CryptoSavingsTracker/CryptoSavingsTracker/Services/Protocols/ServiceProtocols.swift /Users/user/Documents/CryptoSavingsTracker/CryptoSavingsTracker/Services/AllocationService.swift /Users/user/Documents/CryptoSavingsTracker/CryptoSavingsTracker/Services/BalanceService.swift /Users/user/Documents/CryptoSavingsTracker/CryptoSavingsTracker/Services/ChainService.swift /Users/user/Documents/CryptoSavingsTracker/CryptoSavingsTracker/Services/CoinGeckoService.swift (in target 'CryptoSavingsTracker' from project 'CryptoSavingsTracker')

SwiftCompile normal arm64 /Users/user/Documents/CryptoSavingsTracker/CryptoSavingsTracker/Models/MonthlyPlan.swift (in target 'CryptoSavingsTracker' from project 'CryptoSavingsTracker')
    cd /Users/user/Documents/CryptoSavingsTracker
    

SwiftCompile normal arm64 /Users/user/Documents/CryptoSavingsTracker/CryptoSavingsTracker/Models/MonthlyPlanningSettings.swift (in target 'CryptoSavingsTracker' from project 'CryptoSavingsTracker')
    cd /Users/user/Documents/CryptoSavingsTracker
    

SwiftCompile normal arm64 /Users/user/Documents/CryptoSavingsTracker/CryptoSavingsTracker/Models/MonthlyRequirement.swift (in target 'CryptoSavingsTracker' from project 'CryptoSavingsTracker')
    cd /Users/user/Documents/CryptoSavingsTracker
    

SwiftCompile normal arm64 /Users/user/Documents/CryptoSavingsTracker/CryptoSavingsTracker/Models/QuickAction.swift (in target 'CryptoSavingsTracker' from project 'CryptoSavingsTracker')
    cd /Users/user/Documents/CryptoSavingsTracker
    

SwiftCompile normal arm64 /Users/user/Documents/CryptoSavingsTracker/CryptoSavingsTracker/Models/ReminderFrequency.swift (in target 'CryptoSavingsTracker' from project 'CryptoSavingsTracker')
    cd /Users/user/Documents/CryptoSavingsTracker
    

SwiftCompile normal arm64 /Users/user/Documents/CryptoSavingsTracker/CryptoSavingsTracker/Models/Transaction.swift (in target 'CryptoSavingsTracker' from project 'CryptoSavingsTracker')
    cd /Users/user/Documents/CryptoSavingsTracker
    

SwiftCompile normal arm64 /Users/user/Documents/CryptoSavingsTracker/CryptoSavingsTracker/Navigation/Coordinator.swift (in target 'CryptoSavingsTracker' from project 'CryptoSavingsTracker')
    cd /Users/user/Documents/CryptoSavingsTracker
    

SwiftCompile normal arm64 /Users/user/Documents/CryptoSavingsTracker/CryptoSavingsTracker/Protocols/ChartInteractionProtocol.swift (in target 'CryptoSavingsTracker' from project 'CryptoSavingsTracker')
    cd /Users/user/Documents/CryptoSavingsTracker
    

SwiftCompile normal arm64 /Users/user/Documents/CryptoSavingsTracker/CryptoSavingsTracker/Repositories/GoalRepository.swift (in target 'CryptoSavingsTracker' from project 'CryptoSavingsTracker')
    cd /Users/user/Documents/CryptoSavingsTracker
    

SwiftCompile normal arm64 /Users/user/Documents/CryptoSavingsTracker/CryptoSavingsTracker/Services/Protocols/ServiceProtocols.swift (in target 'CryptoSavingsTracker' from project 'CryptoSavingsTracker')
    cd /Users/user/Documents/CryptoSavingsTracker
    

SwiftCompile normal arm64 /Users/user/Documents/CryptoSavingsTracker/CryptoSavingsTracker/Services/AllocationService.swift (in target 'CryptoSavingsTracker' from project 'CryptoSavingsTracker')
    cd /Users/user/Documents/CryptoSavingsTracker
    

SwiftCompile normal arm64 /Users/user/Documents/CryptoSavingsTracker/CryptoSavingsTracker/Services/BalanceService.swift (in target 'CryptoSavingsTracker' from project 'CryptoSavingsTracker')
    cd /Users/user/Documents/CryptoSavingsTracker
    

SwiftCompile normal arm64 /Users/user/Documents/CryptoSavingsTracker/CryptoSavingsTracker/Services/ChainService.swift (in target 'CryptoSavingsTracker' from project 'CryptoSavingsTracker')
    cd /Users/user/Documents/CryptoSavingsTracker
    

SwiftCompile normal arm64 /Users/user/Documents/CryptoSavingsTracker/CryptoSavingsTracker/Services/CoinGeckoService.swift (in target 'CryptoSavingsTracker' from project 'CryptoSavingsTracker')
    cd /Users/user/Documents/CryptoSavingsTracker
    

SwiftCompile normal arm64 Compiling\ ChartDataModels+ChartPoint.swift,\ Asset.swift,\ AssetAllocation.swift,\ BalanceState.swift,\ ChartDataModels.swift,\ ChartError.swift,\ Contribution.swift,\ DetailViewType.swift,\ ExecutionSnapshot.swift,\ Goal.swift,\ Goal+Editing.swift,\ GoalTemplate.swift,\ MigrationMetadata.swift,\ MonthlyExecutionRecord.swift /Users/user/Documents/CryptoSavingsTracker/CryptoSavingsTracker/Extensions/ChartDataModels+ChartPoint.swift /Users/user/Documents/CryptoSavingsTracker/CryptoSavingsTracker/Models/Asset.swift /Users/user/Documents/CryptoSavingsTracker/CryptoSavingsTracker/Models/AssetAllocation.swift /Users/user/Documents/CryptoSavingsTracker/CryptoSavingsTracker/Models/BalanceState.swift /Users/user/Documents/CryptoSavingsTracker/CryptoSavingsTracker/Models/ChartDataModels.swift /Users/user/Documents/CryptoSavingsTracker/CryptoSavingsTracker/Models/ChartError.swift /Users/user/Documents/CryptoSavingsTracker/CryptoSavingsTracker/Models/Contribution.swift /Users/user/Documents/CryptoSavingsTracker/CryptoSavingsTracker/Models/DetailViewType.swift /Users/user/Documents/CryptoSavingsTracker/CryptoSavingsTracker/Models/ExecutionSnapshot.swift /Users/user/Documents/CryptoSavingsTracker/CryptoSavingsTracker/Models/Goal.swift /Users/user/Documents/CryptoSavingsTracker/CryptoSavingsTracker/Models/Goal+Editing.swift /Users/user/Documents/CryptoSavingsTracker/CryptoSavingsTracker/Models/GoalTemplate.swift /Users/user/Documents/CryptoSavingsTracker/CryptoSavingsTracker/Models/MigrationMetadata.swift /Users/user/Documents/CryptoSavingsTracker/CryptoSavingsTracker/Models/MonthlyExecutionRecord.swift (in target 'CryptoSavingsTracker' from project 'CryptoSavingsTracker')

SwiftCompile normal arm64 /Users/user/Documents/CryptoSavingsTracker/CryptoSavingsTracker/Extensions/ChartDataModels+ChartPoint.swift (in target 'CryptoSavingsTracker' from project 'CryptoSavingsTracker')
    cd /Users/user/Documents/CryptoSavingsTracker
    

SwiftCompile normal arm64 /Users/user/Documents/CryptoSavingsTracker/CryptoSavingsTracker/Models/Asset.swift (in target 'CryptoSavingsTracker' from project 'CryptoSavingsTracker')
    cd /Users/user/Documents/CryptoSavingsTracker
    

SwiftCompile normal arm64 /Users/user/Documents/CryptoSavingsTracker/CryptoSavingsTracker/Models/AssetAllocation.swift (in target 'CryptoSavingsTracker' from project 'CryptoSavingsTracker')
    cd /Users/user/Documents/CryptoSavingsTracker
    

SwiftCompile normal arm64 /Users/user/Documents/CryptoSavingsTracker/CryptoSavingsTracker/Models/BalanceState.swift (in target 'CryptoSavingsTracker' from project 'CryptoSavingsTracker')
    cd /Users/user/Documents/CryptoSavingsTracker
    

SwiftCompile normal arm64 /Users/user/Documents/CryptoSavingsTracker/CryptoSavingsTracker/Models/ChartDataModels.swift (in target 'CryptoSavingsTracker' from project 'CryptoSavingsTracker')
    cd /Users/user/Documents/CryptoSavingsTracker
    

SwiftCompile normal arm64 /Users/user/Documents/CryptoSavingsTracker/CryptoSavingsTracker/Models/ChartError.swift (in target 'CryptoSavingsTracker' from project 'CryptoSavingsTracker')
    cd /Users/user/Documents/CryptoSavingsTracker
    

SwiftCompile normal arm64 /Users/user/Documents/CryptoSavingsTracker/CryptoSavingsTracker/Models/Contribution.swift (in target 'CryptoSavingsTracker' from project 'CryptoSavingsTracker')
    cd /Users/user/Documents/CryptoSavingsTracker
    

SwiftCompile normal arm64 /Users/user/Documents/CryptoSavingsTracker/CryptoSavingsTracker/Models/DetailViewType.swift (in target 'CryptoSavingsTracker' from project 'CryptoSavingsTracker')
    cd /Users/user/Documents/CryptoSavingsTracker
    

SwiftCompile normal arm64 /Users/user/Documents/CryptoSavingsTracker/CryptoSavingsTracker/Models/ExecutionSnapshot.swift (in target 'CryptoSavingsTracker' from project 'CryptoSavingsTracker')
    cd /Users/user/Documents/CryptoSavingsTracker
    

SwiftCompile normal arm64 /Users/user/Documents/CryptoSavingsTracker/CryptoSavingsTracker/Models/Goal.swift (in target 'CryptoSavingsTracker' from project 'CryptoSavingsTracker')
    cd /Users/user/Documents/CryptoSavingsTracker
    

SwiftCompile normal arm64 /Users/user/Documents/CryptoSavingsTracker/CryptoSavingsTracker/Models/Goal+Editing.swift (in target 'CryptoSavingsTracker' from project 'CryptoSavingsTracker')
    cd /Users/user/Documents/CryptoSavingsTracker
    

SwiftCompile normal arm64 /Users/user/Documents/CryptoSavingsTracker/CryptoSavingsTracker/Models/GoalTemplate.swift (in target 'CryptoSavingsTracker' from project 'CryptoSavingsTracker')
    cd /Users/user/Documents/CryptoSavingsTracker
    

SwiftCompile normal arm64 /Users/user/Documents/CryptoSavingsTracker/CryptoSavingsTracker/Models/MigrationMetadata.swift (in target 'CryptoSavingsTracker' from project 'CryptoSavingsTracker')
    cd /Users/user/Documents/CryptoSavingsTracker
    

SwiftCompile normal arm64 /Users/user/Documents/CryptoSavingsTracker/CryptoSavingsTracker/Models/MonthlyExecutionRecord.swift (in target 'CryptoSavingsTracker' from project 'CryptoSavingsTracker')
    cd /Users/user/Documents/CryptoSavingsTracker
    

SwiftCompile normal arm64 Compiling\ ContributionService.swift,\ ExchangeRateService.swift,\ ExecutionTrackingService.swift,\ FlexAdjustmentService.swift,\ GoalCalculationService.swift,\ MigrationService.swift,\ MonthlyPlanningService.swift,\ TatumClient.swift,\ TatumModels.swift,\ TatumService.swift,\ TransactionService.swift,\ ShortcutsProvider.swift,\ AccessibilityManager.swift,\ AccessibilityViewModifiers.swift /Users/user/Documents/CryptoSavingsTracker/CryptoSavingsTracker/Services/ContributionService.swift /Users/user/Documents/CryptoSavingsTracker/CryptoSavingsTracker/Services/ExchangeRateService.swift /Users/user/Documents/CryptoSavingsTracker/CryptoSavingsTracker/Services/ExecutionTrackingService.swift /Users/user/Documents/CryptoSavingsTracker/CryptoSavingsTracker/Services/FlexAdjustmentService.swift /Users/user/Documents/CryptoSavingsTracker/CryptoSavingsTracker/Services/GoalCalculationService.swift /Users/user/Documents/CryptoSavingsTracker/CryptoSavingsTracker/Services/MigrationService.swift /Users/user/Documents/CryptoSavingsTracker/CryptoSavingsTracker/Services/MonthlyPlanningService.swift /Users/user/Documents/CryptoSavingsTracker/CryptoSavingsTracker/Services/TatumClient.swift /Users/user/Documents/CryptoSavingsTracker/CryptoSavingsTracker/Services/TatumModels.swift /Users/user/Documents/CryptoSavingsTracker/CryptoSavingsTracker/Services/TatumService.swift /Users/user/Documents/CryptoSavingsTracker/CryptoSavingsTracker/Services/TransactionService.swift /Users/user/Documents/CryptoSavingsTracker/CryptoSavingsTracker/Shortcuts/ShortcutsProvider.swift /Users/user/Documents/CryptoSavingsTracker/CryptoSavingsTracker/Utilities/AccessibilityManager.swift /Users/user/Documents/CryptoSavingsTracker/CryptoSavingsTracker/Utilities/AccessibilityViewModifiers.swift (in target 'CryptoSavingsTracker' from project 'CryptoSavingsTracker')
Failed frontend command:
/Applications/Xcode.app/Contents/Developer/Toolchains/XcodeDefault.xctoolchain/usr/bin/swift-frontend -frontend -c -filelist /Users/user/Library/Developer/Xcode/DerivedData/CryptoSavingsTracker-evaaynijwpcemaawvpwtepatwgti/Build/Intermediates.noindex/CryptoSavingsTracker.build/Debug/CryptoSavingsTracker.build/Objects-normal/arm64/sources-1 -primary-file /Users/user/Documents/CryptoSavingsTracker/CryptoSavingsTracker/Services/ContributionService.swift -primary-file /Users/user/Documents/CryptoSavingsTracker/CryptoSavingsTracker/Services/ExchangeRateService.swift -primary-file /Users/user/Documents/CryptoSavingsTracker/CryptoSavingsTracker/Services/ExecutionTrackingService.swift -primary-file /Users/user/Documents/CryptoSavingsTracker/CryptoSavingsTracker/Services/FlexAdjustmentService.swift -primary-file /Users/user/Documents/CryptoSavingsTracker/CryptoSavingsTracker/Services/GoalCalculationService.swift -primary-file /Users/user/Documents/CryptoSavingsTracker/CryptoSavingsTracker/Services/MigrationService.swift -primary-file /Users/user/Documents/CryptoSavingsTracker/CryptoSavingsTracker/Services/MonthlyPlanningService.swift -primary-file /Users/user/Documents/CryptoSavingsTracker/CryptoSavingsTracker/Services/TatumClient.swift -primary-file /Users/user/Documents/CryptoSavingsTracker/CryptoSavingsTracker/Services/TatumModels.swift -primary-file /Users/user/Documents/CryptoSavingsTracker/CryptoSavingsTracker/Services/TatumService.swift -primary-file /Users/user/Documents/CryptoSavingsTracker/CryptoSavingsTracker/Services/TransactionService.swift -primary-file /Users/user/Documents/CryptoSavingsTracker/CryptoSavingsTracker/Shortcuts/ShortcutsProvider.swift -primary-file /Users/user/Documents/CryptoSavingsTracker/CryptoSavingsTracker/Utilities/AccessibilityManager.swift -primary-file /Users/user/Documents/CryptoSavingsTracker/CryptoSavingsTracker/Utilities/AccessibilityViewModifiers.swift -supplementary-output-file-map /Users/user/Library/Developer/Xcode/DerivedData/CryptoSavingsTracker-evaaynijwpcemaawvpwtepatwgti/Build/Intermediates.noindex/CryptoSavingsTracker.build/Debug/CryptoSavingsTracker.build/Objects-normal/arm64/supplementaryOutputs-3 -emit-localized-strings -emit-localized-strings-path /Users/user/Library/Developer/Xcode/DerivedData/CryptoSavingsTracker-evaaynijwpcemaawvpwtepatwgti/Build/Intermediates.noindex/CryptoSavingsTracker.build/Debug/CryptoSavingsTracker.build/Objects-normal/arm64 -target arm64-apple-macos15.5 -module-can-import-version AppKit 2685.20.119 2685.20.119 -module-can-import-version DeveloperToolsSupport 23.0.4 23.0.4 -module-can-import-version SwiftUI 7.1.13.1 7.1.13 -disable-cross-import-overlay-search -swift-module-cross-import SwiftData /Applications/Xcode.app/Contents/Developer/Platforms/MacOSX.platform/Developer/SDKs/MacOSX26.1.sdk/System/Library/Frameworks/SwiftData.framework/Modules/SwiftData.swiftcrossimport/CoreData.swiftoverlay -swift-module-cross-import SwiftData /Applications/Xcode.app/Contents/Developer/Platforms/MacOSX.platform/Developer/SDKs/MacOSX26.1.sdk/System/Library/Frameworks/SwiftData.framework/Modules/SwiftData.swiftcrossimport/SwiftUI.swiftoverlay -load-resolved-plugin /Applications/Xcode.app/Contents/Developer/Platforms/MacOSX.platform/Developer/usr/lib/swift/host/plugins/libFoundationMacros.dylib\#/Applications/Xcode.app/Contents/Developer/Platforms/MacOSX.platform/Developer/usr/bin/swift-plugin-server\#FoundationMacros -load-resolved-plugin /Applications/Xcode.app/Contents/Developer/Platforms/MacOSX.platform/Developer/usr/lib/swift/host/plugins/libObservationMacros.dylib\#/Applications/Xcode.app/Contents/Developer/Platforms/MacOSX.platform/Developer/usr/bin/swift-plugin-server\#ObservationMacros -load-resolved-plugin /Applications/Xcode.app/Contents/Developer/Platforms/MacOSX.platform/Developer/usr/lib/swift/host/plugins/libPreviewsMacros.dylib\#/Applications/Xcode.app/Contents/Developer/Platforms/MacOSX.platform/Developer/usr/bin/swift-plugin-server\#PreviewsMacros -load-resolved-plugin /Applications/Xcode.app/Contents/Developer/Platforms/MacOSX.platform/Developer/usr/lib/swift/host/plugins/libSwiftDataMacros.dylib\#/Applications/Xcode.app/Contents/Developer/Platforms/MacOSX.platform/Developer/usr/bin/swift-plugin-server\#SwiftDataMacros -load-resolved-plugin /Applications/Xcode.app/Contents/Developer/Platforms/MacOSX.platform/Developer/usr/lib/swift/host/plugins/libSwiftMacros.dylib\#/Applications/Xcode.app/Contents/Developer/Platforms/MacOSX.platform/Developer/usr/bin/swift-plugin-server\#SwiftMacros -load-resolved-plugin /Applications/Xcode.app/Contents/Developer/Platforms/MacOSX.platform/Developer/usr/lib/swift/host/plugins/libSwiftUIMacros.dylib\#/Applications/Xcode.app/Contents/Developer/Platforms/MacOSX.platform/Developer/usr/bin/swift-plugin-server\#SwiftUIMacros -disable-implicit-swift-modules -Xcc -fno-implicit-modules -Xcc -fno-implicit-module-maps -explicit-swift-module-map-file /Users/user/Library/Developer/Xcode/DerivedData/CryptoSavingsTracker-evaaynijwpcemaawvpwtepatwgti/Build/Intermediates.noindex/CryptoSavingsTracker.build/Debug/CryptoSavingsTracker.build/Objects-normal/arm64/CryptoSavingsTracker-dependencies-1.json -Xllvm -aarch64-use-tbi -enable-objc-interop -stack-check -sdk /Applications/Xcode.app/Contents/Developer/Platforms/MacOSX.platform/Developer/SDKs/MacOSX26.1.sdk -I /Users/user/Library/Developer/Xcode/DerivedData/CryptoSavingsTracker-evaaynijwpcemaawvpwtepatwgti/Build/Products/Debug -F /Users/user/Library/Developer/Xcode/DerivedData/CryptoSavingsTracker-evaaynijwpcemaawvpwtepatwgti/Build/Products/Debug -no-color-diagnostics -Xcc -fno-color-diagnostics -enable-testing -g -debug-info-format\=dwarf -dwarf-version\=5 -module-cache-path /Users/user/Library/Developer/Xcode/DerivedData/CryptoSavingsTracker-evaaynijwpcemaawvpwtepatwgti/Build/Intermediates.noindex/SwiftExplicitPrecompiledModules -swift-version 5 -enforce-exclusivity\=checked -Onone -D DEBUG -serialize-debugging-options -const-gather-protocols-file /Users/user/Library/Developer/Xcode/DerivedData/CryptoSavingsTracker-evaaynijwpcemaawvpwtepatwgti/Build/Intermediates.noindex/CryptoSavingsTracker.build/Debug/CryptoSavingsTracker.build/Objects-normal/arm64/CryptoSavingsTracker_const_extract_protocols.json -enable-upcoming-feature MemberImportVisibility -enable-experimental-feature DebugDescriptionMacro -enable-bare-slash-regex -default-isolation\=MainActor -empty-abi-descriptor -validate-clang-modules-once -clang-build-session-file /Users/user/Library/Developer/Xcode/DerivedData/ModuleCache.noindex/Session.modulevalidation -Xcc -working-directory -Xcc /Users/user/Documents/CryptoSavingsTracker -enable-anonymous-context-mangled-names -file-compilation-dir /Users/user/Documents/CryptoSavingsTracker -Xcc -D_LIBCPP_HARDENING_MODE\=_LIBCPP_HARDENING_MODE_DEBUG -Xcc -ivfsstatcache -Xcc /Users/user/Library/Developer/Xcode/DerivedData/SDKStatCaches.noindex/macosx26.1-25B74-3ae1261907bdadc328169391a47051a6.sdkstatcache -Xcc -I/Users/user/Library/Developer/Xcode/DerivedData/CryptoSavingsTracker-evaaynijwpcemaawvpwtepatwgti/Build/Intermediates.noindex/CryptoSavingsTracker.build/Debug/CryptoSavingsTracker.build/swift-overrides.hmap -Xcc -iquote -Xcc /Users/user/Library/Developer/Xcode/DerivedData/CryptoSavingsTracker-evaaynijwpcemaawvpwtepatwgti/Build/Intermediates.noindex/CryptoSavingsTracker.build/Debug/CryptoSavingsTracker.build/CryptoSavingsTracker-generated-files.hmap -Xcc -I/Users/user/Library/Developer/Xcode/DerivedData/CryptoSavingsTracker-evaaynijwpcemaawvpwtepatwgti/Build/Intermediates.noindex/CryptoSavingsTracker.build/Debug/CryptoSavingsTracker.build/CryptoSavingsTracker-own-target-headers.hmap -Xcc -I/Users/user/Library/Developer/Xcode/DerivedData/CryptoSavingsTracker-evaaynijwpcemaawvpwtepatwgti/Build/Intermediates.noindex/CryptoSavingsTracker.build/Debug/CryptoSavingsTracker.build/CryptoSavingsTracker-all-target-headers.hmap -Xcc -iquote -Xcc /Users/user/Library/Developer/Xcode/DerivedData/CryptoSavingsTracker-evaaynijwpcemaawvpwtepatwgti/Build/Intermediates.noindex/CryptoSavingsTracker.build/Debug/CryptoSavingsTracker.build/CryptoSavingsTracker-project-headers.hmap -Xcc -I/Users/user/Library/Developer/Xcode/DerivedData/CryptoSavingsTracker-evaaynijwpcemaawvpwtepatwgti/Build/Products/Debug/include -Xcc -I/Users/user/Library/Developer/Xcode/DerivedData/CryptoSavingsTracker-evaaynijwpcemaawvpwtepatwgti/Build/Intermediates.noindex/CryptoSavingsTracker.build/Debug/CryptoSavingsTracker.build/DerivedSources-normal/arm64 -Xcc -I/Users/user/Library/Developer/Xcode/DerivedData/CryptoSavingsTracker-evaaynijwpcemaawvpwtepatwgti/Build/Intermediates.noindex/CryptoSavingsTracker.build/Debug/CryptoSavingsTracker.build/DerivedSources/arm64 -Xcc -I/Users/user/Library/Developer/Xcode/DerivedData/CryptoSavingsTracker-evaaynijwpcemaawvpwtepatwgti/Build/Intermediates.noindex/CryptoSavingsTracker.build/Debug/CryptoSavingsTracker.build/DerivedSources -Xcc -DDEBUG\=1 -no-auto-bridging-header-chaining -module-name CryptoSavingsTracker -frontend-parseable-output -disable-clang-spi -target-sdk-version 26.1 -target-sdk-name macosx26.1 -clang-target arm64-apple-macos26.1 -in-process-plugin-server-path /Applications/Xcode.app/Contents/Developer/Toolchains/XcodeDefault.xctoolchain/usr/lib/swift/host/libSwiftInProcPluginServer.dylib -o /Users/user/Library/Developer/Xcode/DerivedData/CryptoSavingsTracker-evaaynijwpcemaawvpwtepatwgti/Build/Intermediates.noindex/CryptoSavingsTracker.build/Debug/CryptoSavingsTracker.build/Objects-normal/arm64/ContributionService.o -o /Users/user/Library/Developer/Xcode/DerivedData/CryptoSavingsTracker-evaaynijwpcemaawvpwtepatwgti/Build/Intermediates.noindex/CryptoSavingsTracker.build/Debug/CryptoSavingsTracker.build/Objects-normal/arm64/ExchangeRateService.o -o /Users/user/Library/Developer/Xcode/DerivedData/CryptoSavingsTracker-evaaynijwpcemaawvpwtepatwgti/Build/Intermediates.noindex/CryptoSavingsTracker.build/Debug/CryptoSavingsTracker.build/Objects-normal/arm64/ExecutionTrackingService.o -o /Users/user/Library/Developer/Xcode/DerivedData/CryptoSavingsTracker-evaaynijwpcemaawvpwtepatwgti/Build/Intermediates.noindex/CryptoSavingsTracker.build/Debug/CryptoSavingsTracker.build/Objects-normal/arm64/FlexAdjustmentService.o -o /Users/user/Library/Developer/Xcode/DerivedData/CryptoSavingsTracker-evaaynijwpcemaawvpwtepatwgti/Build/Intermediates.noindex/CryptoSavingsTracker.build/Debug/CryptoSavingsTracker.build/Objects-normal/arm64/GoalCalculationService.o -o /Users/user/Library/Developer/Xcode/DerivedData/CryptoSavingsTracker-evaaynijwpcemaawvpwtepatwgti/Build/Intermediates.noindex/CryptoSavingsTracker.build/Debug/CryptoSavingsTracker.build/Objects-normal/arm64/MigrationService.o -o /Users/user/Library/Developer/Xcode/DerivedData/CryptoSavingsTracker-evaaynijwpcemaawvpwtepatwgti/Build/Intermediates.noindex/CryptoSavingsTracker.build/Debug/CryptoSavingsTracker.build/Objects-normal/arm64/MonthlyPlanningService.o -o /Users/user/Library/Developer/Xcode/DerivedData/CryptoSavingsTracker-evaaynijwpcemaawvpwtepatwgti/Build/Intermediates.noindex/CryptoSavingsTracker.build/Debug/CryptoSavingsTracker.build/Objects-normal/arm64/TatumClient.o -o /Users/user/Library/Developer/Xcode/DerivedData/CryptoSavingsTracker-evaaynijwpcemaawvpwtepatwgti/Build/Intermediates.noindex/CryptoSavingsTracker.build/Debug/CryptoSavingsTracker.build/Objects-normal/arm64/TatumModels.o -o /Users/user/Library/Developer/Xcode/DerivedData/CryptoSavingsTracker-evaaynijwpcemaawvpwtepatwgti/Build/Intermediates.noindex/CryptoSavingsTracker.build/Debug/CryptoSavingsTracker.build/Objects-normal/arm64/TatumService.o -o /Users/user/Library/Developer/Xcode/DerivedData/CryptoSavingsTracker-evaaynijwpcemaawvpwtepatwgti/Build/Intermediates.noindex/CryptoSavingsTracker.build/Debug/CryptoSavingsTracker.build/Objects-normal/arm64/TransactionService.o -o /Users/user/Library/Developer/Xcode/DerivedData/CryptoSavingsTracker-evaaynijwpcemaawvpwtepatwgti/Build/Intermediates.noindex/CryptoSavingsTracker.build/Debug/CryptoSavingsTracker.build/Objects-normal/arm64/ShortcutsProvider.o -o /Users/user/Library/Developer/Xcode/DerivedData/CryptoSavingsTracker-evaaynijwpcemaawvpwtepatwgti/Build/Intermediates.noindex/CryptoSavingsTracker.build/Debug/CryptoSavingsTracker.build/Objects-normal/arm64/AccessibilityManager.o -o /Users/user/Library/Developer/Xcode/DerivedData/CryptoSavingsTracker-evaaynijwpcemaawvpwtepatwgti/Build/Intermediates.noindex/CryptoSavingsTracker.build/Debug/CryptoSavingsTracker.build/Objects-normal/arm64/AccessibilityViewModifiers.o -index-unit-output-path /CryptoSavingsTracker.build/Debug/CryptoSavingsTracker.build/Objects-normal/arm64/ContributionService.o -index-unit-output-path /CryptoSavingsTracker.build/Debug/CryptoSavingsTracker.build/Objects-normal/arm64/ExchangeRateService.o -index-unit-output-path /CryptoSavingsTracker.build/Debug/CryptoSavingsTracker.build/Objects-normal/arm64/ExecutionTrackingService.o -index-unit-output-path /CryptoSavingsTracker.build/Debug/CryptoSavingsTracker.build/Objects-normal/arm64/FlexAdjustmentService.o -index-unit-output-path /CryptoSavingsTracker.build/Debug/CryptoSavingsTracker.build/Objects-normal/arm64/GoalCalculationService.o -index-unit-output-path /CryptoSavingsTracker.build/Debug/CryptoSavingsTracker.build/Objects-normal/arm64/MigrationService.o -index-unit-output-path /CryptoSavingsTracker.build/Debug/CryptoSavingsTracker.build/Objects-normal/arm64/MonthlyPlanningService.o -index-unit-output-path /CryptoSavingsTracker.build/Debug/CryptoSavingsTracker.build/Objects-normal/arm64/TatumClient.o -index-unit-output-path /CryptoSavingsTracker.build/Debug/CryptoSavingsTracker.build/Objects-normal/arm64/TatumModels.o -index-unit-output-path /CryptoSavingsTracker.build/Debug/CryptoSavingsTracker.build/Objects-normal/arm64/TatumService.o -index-unit-output-path /CryptoSavingsTracker.build/Debug/CryptoSavingsTracker.build/Objects-normal/arm64/TransactionService.o -index-unit-output-path /CryptoSavingsTracker.build/Debug/CryptoSavingsTracker.build/Objects-normal/arm64/ShortcutsProvider.o -index-unit-output-path /CryptoSavingsTracker.build/Debug/CryptoSavingsTracker.build/Objects-normal/arm64/AccessibilityManager.o -index-unit-output-path /CryptoSavingsTracker.build/Debug/CryptoSavingsTracker.build/Objects-normal/arm64/AccessibilityViewModifiers.o -index-store-path /Users/user/Library/Developer/Xcode/DerivedData/CryptoSavingsTracker-evaaynijwpcemaawvpwtepatwgti/Index.noindex/DataStore -index-system-modules

SwiftCompile normal arm64 /Users/user/Documents/CryptoSavingsTracker/CryptoSavingsTracker/Services/ContributionService.swift (in target 'CryptoSavingsTracker' from project 'CryptoSavingsTracker')
    cd /Users/user/Documents/CryptoSavingsTracker
    

SwiftCompile normal arm64 /Users/user/Documents/CryptoSavingsTracker/CryptoSavingsTracker/Services/ExchangeRateService.swift (in target 'CryptoSavingsTracker' from project 'CryptoSavingsTracker')
    cd /Users/user/Documents/CryptoSavingsTracker
    

SwiftCompile normal arm64 /Users/user/Documents/CryptoSavingsTracker/CryptoSavingsTracker/Services/ExecutionTrackingService.swift (in target 'CryptoSavingsTracker' from project 'CryptoSavingsTracker')
    cd /Users/user/Documents/CryptoSavingsTracker
    

SwiftCompile normal arm64 /Users/user/Documents/CryptoSavingsTracker/CryptoSavingsTracker/Services/FlexAdjustmentService.swift (in target 'CryptoSavingsTracker' from project 'CryptoSavingsTracker')
    cd /Users/user/Documents/CryptoSavingsTracker
    

SwiftCompile normal arm64 /Users/user/Documents/CryptoSavingsTracker/CryptoSavingsTracker/Services/GoalCalculationService.swift (in target 'CryptoSavingsTracker' from project 'CryptoSavingsTracker')
    cd /Users/user/Documents/CryptoSavingsTracker
    
/Users/user/Documents/CryptoSavingsTracker/CryptoSavingsTracker/Services/GoalCalculationService.swift:23:59: warning: main actor-isolated static property 'shared' can not be referenced from a nonisolated context; this is an error in the Swift 6 language mode
    convenience init(container: DIContainer = DIContainer.shared) {
                                                          ^
/Users/user/Documents/CryptoSavingsTracker/CryptoSavingsTracker/Utilities/DIContainer.swift:49:16: note: static property declared here
    static let shared = DIContainer()
               ^

SwiftCompile normal arm64 /Users/user/Documents/CryptoSavingsTracker/CryptoSavingsTracker/Services/MigrationService.swift (in target 'CryptoSavingsTracker' from project 'CryptoSavingsTracker')
    cd /Users/user/Documents/CryptoSavingsTracker
    
/Users/user/Documents/CryptoSavingsTracker/CryptoSavingsTracker/Services/MigrationService.swift:105:35: error: cannot find 'AllocationMigrationService' in scope
        let allocationMigration = AllocationMigrationService(modelContext: modelContext)
                                  ^~~~~~~~~~~~~~~~~~~~~~~~~~

SwiftCompile normal arm64 /Users/user/Documents/CryptoSavingsTracker/CryptoSavingsTracker/Services/MonthlyPlanningService.swift (in target 'CryptoSavingsTracker' from project 'CryptoSavingsTracker')
    cd /Users/user/Documents/CryptoSavingsTracker
    

SwiftCompile normal arm64 /Users/user/Documents/CryptoSavingsTracker/CryptoSavingsTracker/Services/TatumClient.swift (in target 'CryptoSavingsTracker' from project 'CryptoSavingsTracker')
    cd /Users/user/Documents/CryptoSavingsTracker
    

SwiftCompile normal arm64 /Users/user/Documents/CryptoSavingsTracker/CryptoSavingsTracker/Services/TatumModels.swift (in target 'CryptoSavingsTracker' from project 'CryptoSavingsTracker')
    cd /Users/user/Documents/CryptoSavingsTracker
    

SwiftCompile normal arm64 /Users/user/Documents/CryptoSavingsTracker/CryptoSavingsTracker/Services/TatumService.swift (in target 'CryptoSavingsTracker' from project 'CryptoSavingsTracker')
    cd /Users/user/Documents/CryptoSavingsTracker
    

SwiftCompile normal arm64 /Users/user/Documents/CryptoSavingsTracker/CryptoSavingsTracker/Services/TransactionService.swift (in target 'CryptoSavingsTracker' from project 'CryptoSavingsTracker')
    cd /Users/user/Documents/CryptoSavingsTracker
    

SwiftCompile normal arm64 /Users/user/Documents/CryptoSavingsTracker/CryptoSavingsTracker/Shortcuts/ShortcutsProvider.swift (in target 'CryptoSavingsTracker' from project 'CryptoSavingsTracker')
    cd /Users/user/Documents/CryptoSavingsTracker
    

SwiftCompile normal arm64 /Users/user/Documents/CryptoSavingsTracker/CryptoSavingsTracker/Utilities/AccessibilityManager.swift (in target 'CryptoSavingsTracker' from project 'CryptoSavingsTracker')
    cd /Users/user/Documents/CryptoSavingsTracker
    

SwiftCompile normal arm64 /Users/user/Documents/CryptoSavingsTracker/CryptoSavingsTracker/Utilities/AccessibilityViewModifiers.swift (in target 'CryptoSavingsTracker' from project 'CryptoSavingsTracker')
    cd /Users/user/Documents/CryptoSavingsTracker
    

SwiftCompile normal arm64 Compiling\ SharedAssetIndicator.swift,\ SimplePieChart.swift,\ UnallocatedAssetsSection.swift,\ DashboardComponents.swift,\ EnhancedDashboardComponents.swift,\ WhatIfSettings.swift,\ WhatIfView.swift,\ GoalComparisonView.swift,\ GoalsListContainer.swift,\ GoalsSidebarContainer.swift,\ OnboardingFlowView.swift,\ OnboardingStepViews.swift,\ GoalRequirementRow.swift /Users/user/Documents/CryptoSavingsTracker/CryptoSavingsTracker/Views/Components/SharedAssetIndicator.swift /Users/user/Documents/CryptoSavingsTracker/CryptoSavingsTracker/Views/Components/SimplePieChart.swift /Users/user/Documents/CryptoSavingsTracker/CryptoSavingsTracker/Views/Components/UnallocatedAssetsSection.swift /Users/user/Documents/CryptoSavingsTracker/CryptoSavingsTracker/Views/Dashboard/DashboardComponents.swift /Users/user/Documents/CryptoSavingsTracker/CryptoSavingsTracker/Views/Dashboard/EnhancedDashboardComponents.swift /Users/user/Documents/CryptoSavingsTracker/CryptoSavingsTracker/Views/Dashboard/WhatIfSettings.swift /Users/user/Documents/CryptoSavingsTracker/CryptoSavingsTracker/Views/Dashboard/WhatIfView.swift /Users/user/Documents/CryptoSavingsTracker/CryptoSavingsTracker/Views/Goals/GoalComparisonView.swift /Users/user/Documents/CryptoSavingsTracker/CryptoSavingsTracker/Views/Goals/GoalsListContainer.swift /Users/user/Documents/CryptoSavingsTracker/CryptoSavingsTracker/Views/Goals/GoalsSidebarContainer.swift /Users/user/Documents/CryptoSavingsTracker/CryptoSavingsTracker/Views/Onboarding/OnboardingFlowView.swift /Users/user/Documents/CryptoSavingsTracker/CryptoSavingsTracker/Views/Onboarding/OnboardingStepViews.swift /Users/user/Documents/CryptoSavingsTracker/CryptoSavingsTracker/Views/Planning/GoalRequirementRow.swift (in target 'CryptoSavingsTracker' from project 'CryptoSavingsTracker')

SwiftCompile normal arm64 /Users/user/Documents/CryptoSavingsTracker/CryptoSavingsTracker/Views/Components/SharedAssetIndicator.swift (in target 'CryptoSavingsTracker' from project 'CryptoSavingsTracker')
    cd /Users/user/Documents/CryptoSavingsTracker
    

SwiftCompile normal arm64 /Users/user/Documents/CryptoSavingsTracker/CryptoSavingsTracker/Views/Components/SimplePieChart.swift (in target 'CryptoSavingsTracker' from project 'CryptoSavingsTracker')
    cd /Users/user/Documents/CryptoSavingsTracker
    

SwiftCompile normal arm64 /Users/user/Documents/CryptoSavingsTracker/CryptoSavingsTracker/Views/Components/UnallocatedAssetsSection.swift (in target 'CryptoSavingsTracker' from project 'CryptoSavingsTracker')
    cd /Users/user/Documents/CryptoSavingsTracker
    

SwiftCompile normal arm64 /Users/user/Documents/CryptoSavingsTracker/CryptoSavingsTracker/Views/Dashboard/DashboardComponents.swift (in target 'CryptoSavingsTracker' from project 'CryptoSavingsTracker')
    cd /Users/user/Documents/CryptoSavingsTracker
    

SwiftCompile normal arm64 /Users/user/Documents/CryptoSavingsTracker/CryptoSavingsTracker/Views/Dashboard/EnhancedDashboardComponents.swift (in target 'CryptoSavingsTracker' from project 'CryptoSavingsTracker')
    cd /Users/user/Documents/CryptoSavingsTracker
    

SwiftCompile normal arm64 /Users/user/Documents/CryptoSavingsTracker/CryptoSavingsTracker/Views/Dashboard/WhatIfSettings.swift (in target 'CryptoSavingsTracker' from project 'CryptoSavingsTracker')
    cd /Users/user/Documents/CryptoSavingsTracker
    

SwiftCompile normal arm64 /Users/user/Documents/CryptoSavingsTracker/CryptoSavingsTracker/Views/Dashboard/WhatIfView.swift (in target 'CryptoSavingsTracker' from project 'CryptoSavingsTracker')
    cd /Users/user/Documents/CryptoSavingsTracker
    

SwiftCompile normal arm64 /Users/user/Documents/CryptoSavingsTracker/CryptoSavingsTracker/Views/Goals/GoalComparisonView.swift (in target 'CryptoSavingsTracker' from project 'CryptoSavingsTracker')
    cd /Users/user/Documents/CryptoSavingsTracker
    

SwiftCompile normal arm64 /Users/user/Documents/CryptoSavingsTracker/CryptoSavingsTracker/Views/Goals/GoalsListContainer.swift (in target 'CryptoSavingsTracker' from project 'CryptoSavingsTracker')
    cd /Users/user/Documents/CryptoSavingsTracker
    

SwiftCompile normal arm64 /Users/user/Documents/CryptoSavingsTracker/CryptoSavingsTracker/Views/Goals/GoalsSidebarContainer.swift (in target 'CryptoSavingsTracker' from project 'CryptoSavingsTracker')
    cd /Users/user/Documents/CryptoSavingsTracker
    

SwiftCompile normal arm64 /Users/user/Documents/CryptoSavingsTracker/CryptoSavingsTracker/Views/Onboarding/OnboardingFlowView.swift (in target 'CryptoSavingsTracker' from project 'CryptoSavingsTracker')
    cd /Users/user/Documents/CryptoSavingsTracker
    

SwiftCompile normal arm64 /Users/user/Documents/CryptoSavingsTracker/CryptoSavingsTracker/Views/Onboarding/OnboardingStepViews.swift (in target 'CryptoSavingsTracker' from project 'CryptoSavingsTracker')
    cd /Users/user/Documents/CryptoSavingsTracker
    

SwiftCompile normal arm64 /Users/user/Documents/CryptoSavingsTracker/CryptoSavingsTracker/Views/Planning/GoalRequirementRow.swift (in target 'CryptoSavingsTracker' from project 'CryptoSavingsTracker')
    cd /Users/user/Documents/CryptoSavingsTracker
    

SwiftCompile normal arm64 Compiling\ AccessibleColors.swift,\ BalanceCacheManager.swift,\ CurrencyFormatter.swift,\ DIContainer.swift,\ ErrorHandling.swift,\ HapticManager.swift,\ KeychainManager.swift,\ Logger.swift,\ NotificationManager.swift,\ NotificationNames.swift,\ OnboardingManager.swift,\ PerformanceOptimizer.swift,\ PlatformCapabilities.swift,\ RateLimiter.swift /Users/user/Documents/CryptoSavingsTracker/CryptoSavingsTracker/Utilities/AccessibleColors.swift /Users/user/Documents/CryptoSavingsTracker/CryptoSavingsTracker/Utilities/BalanceCacheManager.swift /Users/user/Documents/CryptoSavingsTracker/CryptoSavingsTracker/Utilities/CurrencyFormatter.swift /Users/user/Documents/CryptoSavingsTracker/CryptoSavingsTracker/Utilities/DIContainer.swift /Users/user/Documents/CryptoSavingsTracker/CryptoSavingsTracker/Utilities/ErrorHandling.swift /Users/user/Documents/CryptoSavingsTracker/CryptoSavingsTracker/Utilities/HapticManager.swift /Users/user/Documents/CryptoSavingsTracker/CryptoSavingsTracker/Utilities/KeychainManager.swift /Users/user/Documents/CryptoSavingsTracker/CryptoSavingsTracker/Utilities/Logger.swift /Users/user/Documents/CryptoSavingsTracker/CryptoSavingsTracker/Utilities/NotificationManager.swift /Users/user/Documents/CryptoSavingsTracker/CryptoSavingsTracker/Utilities/NotificationNames.swift /Users/user/Documents/CryptoSavingsTracker/CryptoSavingsTracker/Utilities/OnboardingManager.swift /Users/user/Documents/CryptoSavingsTracker/CryptoSavingsTracker/Utilities/PerformanceOptimizer.swift /Users/user/Documents/CryptoSavingsTracker/CryptoSavingsTracker/Utilities/PlatformCapabilities.swift /Users/user/Documents/CryptoSavingsTracker/CryptoSavingsTracker/Utilities/RateLimiter.swift (in target 'CryptoSavingsTracker' from project 'CryptoSavingsTracker')

SwiftCompile normal arm64 /Users/user/Documents/CryptoSavingsTracker/CryptoSavingsTracker/Utilities/AccessibleColors.swift (in target 'CryptoSavingsTracker' from project 'CryptoSavingsTracker')
    cd /Users/user/Documents/CryptoSavingsTracker
    

SwiftCompile normal arm64 /Users/user/Documents/CryptoSavingsTracker/CryptoSavingsTracker/Utilities/BalanceCacheManager.swift (in target 'CryptoSavingsTracker' from project 'CryptoSavingsTracker')
    cd /Users/user/Documents/CryptoSavingsTracker
    

SwiftCompile normal arm64 /Users/user/Documents/CryptoSavingsTracker/CryptoSavingsTracker/Utilities/CurrencyFormatter.swift (in target 'CryptoSavingsTracker' from project 'CryptoSavingsTracker')
    cd /Users/user/Documents/CryptoSavingsTracker
    

SwiftCompile normal arm64 /Users/user/Documents/CryptoSavingsTracker/CryptoSavingsTracker/Utilities/DIContainer.swift (in target 'CryptoSavingsTracker' from project 'CryptoSavingsTracker')
    cd /Users/user/Documents/CryptoSavingsTracker
    

SwiftCompile normal arm64 /Users/user/Documents/CryptoSavingsTracker/CryptoSavingsTracker/Utilities/ErrorHandling.swift (in target 'CryptoSavingsTracker' from project 'CryptoSavingsTracker')
    cd /Users/user/Documents/CryptoSavingsTracker
    

SwiftCompile normal arm64 /Users/user/Documents/CryptoSavingsTracker/CryptoSavingsTracker/Utilities/HapticManager.swift (in target 'CryptoSavingsTracker' from project 'CryptoSavingsTracker')
    cd /Users/user/Documents/CryptoSavingsTracker
    

SwiftCompile normal arm64 /Users/user/Documents/CryptoSavingsTracker/CryptoSavingsTracker/Utilities/KeychainManager.swift (in target 'CryptoSavingsTracker' from project 'CryptoSavingsTracker')
    cd /Users/user/Documents/CryptoSavingsTracker
    

SwiftCompile normal arm64 /Users/user/Documents/CryptoSavingsTracker/CryptoSavingsTracker/Utilities/Logger.swift (in target 'CryptoSavingsTracker' from project 'CryptoSavingsTracker')
    cd /Users/user/Documents/CryptoSavingsTracker
    

SwiftCompile normal arm64 /Users/user/Documents/CryptoSavingsTracker/CryptoSavingsTracker/Utilities/NotificationManager.swift (in target 'CryptoSavingsTracker' from project 'CryptoSavingsTracker')
    cd /Users/user/Documents/CryptoSavingsTracker
    

SwiftCompile normal arm64 /Users/user/Documents/CryptoSavingsTracker/CryptoSavingsTracker/Utilities/NotificationNames.swift (in target 'CryptoSavingsTracker' from project 'CryptoSavingsTracker')
    cd /Users/user/Documents/CryptoSavingsTracker
    

SwiftCompile normal arm64 /Users/user/Documents/CryptoSavingsTracker/CryptoSavingsTracker/Utilities/OnboardingManager.swift (in target 'CryptoSavingsTracker' from project 'CryptoSavingsTracker')
    cd /Users/user/Documents/CryptoSavingsTracker
    

SwiftCompile normal arm64 /Users/user/Documents/CryptoSavingsTracker/CryptoSavingsTracker/Utilities/PerformanceOptimizer.swift (in target 'CryptoSavingsTracker' from project 'CryptoSavingsTracker')
    cd /Users/user/Documents/CryptoSavingsTracker
    

SwiftCompile normal arm64 /Users/user/Documents/CryptoSavingsTracker/CryptoSavingsTracker/Utilities/PlatformCapabilities.swift (in target 'CryptoSavingsTracker' from project 'CryptoSavingsTracker')
    cd /Users/user/Documents/CryptoSavingsTracker
    

SwiftCompile normal arm64 /Users/user/Documents/CryptoSavingsTracker/CryptoSavingsTracker/Utilities/RateLimiter.swift (in target 'CryptoSavingsTracker' from project 'CryptoSavingsTracker')
    cd /Users/user/Documents/CryptoSavingsTracker
    

SwiftCompile normal arm64 Compiling\ StartupThrottler.swift,\ SwiftDataQueries.swift,\ AssetViewModel.swift,\ CurrencyViewModel.swift,\ DashboardViewModel.swift,\ GoalEditViewModel.swift,\ GoalRowViewModel.swift,\ GoalViewModel.swift,\ MonthlyExecutionViewModel.swift,\ MonthlyPlanningViewModel.swift,\ ChartSkeletonView.swift,\ EnhancedLineChartView.swift,\ ForecastChartView.swift,\ HeatmapCalendarView.swift /Users/user/Documents/CryptoSavingsTracker/CryptoSavingsTracker/Utilities/StartupThrottler.swift /Users/user/Documents/CryptoSavingsTracker/CryptoSavingsTracker/Utilities/SwiftDataQueries.swift /Users/user/Documents/CryptoSavingsTracker/CryptoSavingsTracker/ViewModels/AssetViewModel.swift /Users/user/Documents/CryptoSavingsTracker/CryptoSavingsTracker/ViewModels/CurrencyViewModel.swift /Users/user/Documents/CryptoSavingsTracker/CryptoSavingsTracker/ViewModels/DashboardViewModel.swift /Users/user/Documents/CryptoSavingsTracker/CryptoSavingsTracker/ViewModels/GoalEditViewModel.swift /Users/user/Documents/CryptoSavingsTracker/CryptoSavingsTracker/ViewModels/GoalRowViewModel.swift /Users/user/Documents/CryptoSavingsTracker/CryptoSavingsTracker/ViewModels/GoalViewModel.swift /Users/user/Documents/CryptoSavingsTracker/CryptoSavingsTracker/ViewModels/MonthlyExecutionViewModel.swift /Users/user/Documents/CryptoSavingsTracker/CryptoSavingsTracker/ViewModels/MonthlyPlanningViewModel.swift /Users/user/Documents/CryptoSavingsTracker/CryptoSavingsTracker/Views/Charts/ChartSkeletonView.swift /Users/user/Documents/CryptoSavingsTracker/CryptoSavingsTracker/Views/Charts/EnhancedLineChartView.swift /Users/user/Documents/CryptoSavingsTracker/CryptoSavingsTracker/Views/Charts/ForecastChartView.swift /Users/user/Documents/CryptoSavingsTracker/CryptoSavingsTracker/Views/Charts/HeatmapCalendarView.swift (in target 'CryptoSavingsTracker' from project 'CryptoSavingsTracker')

SwiftCompile normal arm64 /Users/user/Documents/CryptoSavingsTracker/CryptoSavingsTracker/Utilities/StartupThrottler.swift (in target 'CryptoSavingsTracker' from project 'CryptoSavingsTracker')
    cd /Users/user/Documents/CryptoSavingsTracker
    

SwiftCompile normal arm64 /Users/user/Documents/CryptoSavingsTracker/CryptoSavingsTracker/Utilities/SwiftDataQueries.swift (in target 'CryptoSavingsTracker' from project 'CryptoSavingsTracker')
    cd /Users/user/Documents/CryptoSavingsTracker
    

SwiftCompile normal arm64 /Users/user/Documents/CryptoSavingsTracker/CryptoSavingsTracker/ViewModels/AssetViewModel.swift (in target 'CryptoSavingsTracker' from project 'CryptoSavingsTracker')
    cd /Users/user/Documents/CryptoSavingsTracker
    

SwiftCompile normal arm64 /Users/user/Documents/CryptoSavingsTracker/CryptoSavingsTracker/ViewModels/CurrencyViewModel.swift (in target 'CryptoSavingsTracker' from project 'CryptoSavingsTracker')
    cd /Users/user/Documents/CryptoSavingsTracker
    

SwiftCompile normal arm64 /Users/user/Documents/CryptoSavingsTracker/CryptoSavingsTracker/ViewModels/DashboardViewModel.swift (in target 'CryptoSavingsTracker' from project 'CryptoSavingsTracker')
    cd /Users/user/Documents/CryptoSavingsTracker
    

SwiftCompile normal arm64 /Users/user/Documents/CryptoSavingsTracker/CryptoSavingsTracker/ViewModels/GoalEditViewModel.swift (in target 'CryptoSavingsTracker' from project 'CryptoSavingsTracker')
    cd /Users/user/Documents/CryptoSavingsTracker
    

SwiftCompile normal arm64 /Users/user/Documents/CryptoSavingsTracker/CryptoSavingsTracker/ViewModels/GoalRowViewModel.swift (in target 'CryptoSavingsTracker' from project 'CryptoSavingsTracker')
    cd /Users/user/Documents/CryptoSavingsTracker
    

SwiftCompile normal arm64 /Users/user/Documents/CryptoSavingsTracker/CryptoSavingsTracker/ViewModels/GoalViewModel.swift (in target 'CryptoSavingsTracker' from project 'CryptoSavingsTracker')
    cd /Users/user/Documents/CryptoSavingsTracker
    

SwiftCompile normal arm64 /Users/user/Documents/CryptoSavingsTracker/CryptoSavingsTracker/ViewModels/MonthlyExecutionViewModel.swift (in target 'CryptoSavingsTracker' from project 'CryptoSavingsTracker')
    cd /Users/user/Documents/CryptoSavingsTracker
    

SwiftCompile normal arm64 /Users/user/Documents/CryptoSavingsTracker/CryptoSavingsTracker/ViewModels/MonthlyPlanningViewModel.swift (in target 'CryptoSavingsTracker' from project 'CryptoSavingsTracker')
    cd /Users/user/Documents/CryptoSavingsTracker
    

SwiftCompile normal arm64 /Users/user/Documents/CryptoSavingsTracker/CryptoSavingsTracker/Views/Charts/ChartSkeletonView.swift (in target 'CryptoSavingsTracker' from project 'CryptoSavingsTracker')
    cd /Users/user/Documents/CryptoSavingsTracker
    

SwiftCompile normal arm64 /Users/user/Documents/CryptoSavingsTracker/CryptoSavingsTracker/Views/Charts/EnhancedLineChartView.swift (in target 'CryptoSavingsTracker' from project 'CryptoSavingsTracker')
    cd /Users/user/Documents/CryptoSavingsTracker
    

SwiftCompile normal arm64 /Users/user/Documents/CryptoSavingsTracker/CryptoSavingsTracker/Views/Charts/ForecastChartView.swift (in target 'CryptoSavingsTracker' from project 'CryptoSavingsTracker')
    cd /Users/user/Documents/CryptoSavingsTracker
    

SwiftCompile normal arm64 /Users/user/Documents/CryptoSavingsTracker/CryptoSavingsTracker/Views/Charts/HeatmapCalendarView.swift (in target 'CryptoSavingsTracker' from project 'CryptoSavingsTracker')
    cd /Users/user/Documents/CryptoSavingsTracker
    

SwiftCompile normal arm64 Compiling\ MonthlyExecutionView.swift,\ MonthlyPlanningContainer.swift,\ PlanHistoryDetailView.swift,\ PlanHistoryListView.swift,\ PlanningView.swift,\ MonthlyPlanningSettingsView.swift,\ SettingsView.swift,\ UnifiedGoalRowView.swift,\ AddAssetView.swift,\ AddGoalView.swift,\ AddTransactionView.swift,\ AssetDetailView.swift,\ AssetRowView.swift /Users/user/Documents/CryptoSavingsTracker/CryptoSavingsTracker/Views/Planning/MonthlyExecutionView.swift /Users/user/Documents/CryptoSavingsTracker/CryptoSavingsTracker/Views/Planning/MonthlyPlanningContainer.swift /Users/user/Documents/CryptoSavingsTracker/CryptoSavingsTracker/Views/Planning/PlanHistoryDetailView.swift /Users/user/Documents/CryptoSavingsTracker/CryptoSavingsTracker/Views/Planning/PlanHistoryListView.swift /Users/user/Documents/CryptoSavingsTracker/CryptoSavingsTracker/Views/Planning/PlanningView.swift /Users/user/Documents/CryptoSavingsTracker/CryptoSavingsTracker/Views/Settings/MonthlyPlanningSettingsView.swift /Users/user/Documents/CryptoSavingsTracker/CryptoSavingsTracker/Views/Settings/SettingsView.swift /Users/user/Documents/CryptoSavingsTracker/CryptoSavingsTracker/Views/Shared/UnifiedGoalRowView.swift /Users/user/Documents/CryptoSavingsTracker/CryptoSavingsTracker/Views/AddAssetView.swift /Users/user/Documents/CryptoSavingsTracker/CryptoSavingsTracker/Views/AddGoalView.swift /Users/user/Documents/CryptoSavingsTracker/CryptoSavingsTracker/Views/AddTransactionView.swift /Users/user/Documents/CryptoSavingsTracker/CryptoSavingsTracker/Views/AssetDetailView.swift /Users/user/Documents/CryptoSavingsTracker/CryptoSavingsTracker/Views/AssetRowView.swift (in target 'CryptoSavingsTracker' from project 'CryptoSavingsTracker')
SwiftCompile normal arm64 /Users/user/Documents/CryptoSavingsTracker/CryptoSavingsTracker/Views/Planning/MonthlyExecutionView.swift (in target 'CryptoSavingsTracker' from project 'CryptoSavingsTracker')
    cd /Users/user/Documents/CryptoSavingsTracker
    

SwiftCompile normal arm64 /Users/user/Documents/CryptoSavingsTracker/CryptoSavingsTracker/Views/Planning/MonthlyPlanningContainer.swift (in target 'CryptoSavingsTracker' from project 'CryptoSavingsTracker')
    cd /Users/user/Documents/CryptoSavingsTracker
    

SwiftCompile normal arm64 /Users/user/Documents/CryptoSavingsTracker/CryptoSavingsTracker/Views/Planning/PlanHistoryDetailView.swift (in target 'CryptoSavingsTracker' from project 'CryptoSavingsTracker')
    cd /Users/user/Documents/CryptoSavingsTracker
    

SwiftCompile normal arm64 /Users/user/Documents/CryptoSavingsTracker/CryptoSavingsTracker/Views/Planning/PlanHistoryListView.swift (in target 'CryptoSavingsTracker' from project 'CryptoSavingsTracker')
    cd /Users/user/Documents/CryptoSavingsTracker
    

SwiftCompile normal arm64 /Users/user/Documents/CryptoSavingsTracker/CryptoSavingsTracker/Views/Planning/PlanningView.swift (in target 'CryptoSavingsTracker' from project 'CryptoSavingsTracker')
    cd /Users/user/Documents/CryptoSavingsTracker
    

SwiftCompile normal arm64 /Users/user/Documents/CryptoSavingsTracker/CryptoSavingsTracker/Views/Settings/MonthlyPlanningSettingsView.swift (in target 'CryptoSavingsTracker' from project 'CryptoSavingsTracker')
    cd /Users/user/Documents/CryptoSavingsTracker
    

SwiftCompile normal arm64 /Users/user/Documents/CryptoSavingsTracker/CryptoSavingsTracker/Views/Settings/SettingsView.swift (in target 'CryptoSavingsTracker' from project 'CryptoSavingsTracker')
    cd /Users/user/Documents/CryptoSavingsTracker
    

SwiftCompile normal arm64 /Users/user/Documents/CryptoSavingsTracker/CryptoSavingsTracker/Views/Shared/UnifiedGoalRowView.swift (in target 'CryptoSavingsTracker' from project 'CryptoSavingsTracker')
    cd /Users/user/Documents/CryptoSavingsTracker
    

SwiftCompile normal arm64 /Users/user/Documents/CryptoSavingsTracker/CryptoSavingsTracker/Views/AddAssetView.swift (in target 'CryptoSavingsTracker' from project 'CryptoSavingsTracker')
    cd /Users/user/Documents/CryptoSavingsTracker
    

SwiftCompile normal arm64 /Users/user/Documents/CryptoSavingsTracker/CryptoSavingsTracker/Views/AddGoalView.swift (in target 'CryptoSavingsTracker' from project 'CryptoSavingsTracker')
    cd /Users/user/Documents/CryptoSavingsTracker
    

SwiftCompile normal arm64 /Users/user/Documents/CryptoSavingsTracker/CryptoSavingsTracker/Views/AddTransactionView.swift (in target 'CryptoSavingsTracker' from project 'CryptoSavingsTracker')
    cd /Users/user/Documents/CryptoSavingsTracker
    

SwiftCompile normal arm64 /Users/user/Documents/CryptoSavingsTracker/CryptoSavingsTracker/Views/AssetDetailView.swift (in target 'CryptoSavingsTracker' from project 'CryptoSavingsTracker')
    cd /Users/user/Documents/CryptoSavingsTracker
    

SwiftCompile normal arm64 /Users/user/Documents/CryptoSavingsTracker/CryptoSavingsTracker/Views/AssetRowView.swift (in target 'CryptoSavingsTracker' from project 'CryptoSavingsTracker')
    cd /Users/user/Documents/CryptoSavingsTracker
    

SwiftEmitModule normal arm64 Emitting\ module\ for\ CryptoSavingsTracker (in target 'CryptoSavingsTracker' from project 'CryptoSavingsTracker')
EmitSwiftModule normal arm64 (in target 'CryptoSavingsTracker' from project 'CryptoSavingsTracker')
    cd /Users/user/Documents/CryptoSavingsTracker
    

SwiftCompile normal arm64 Compiling\ AssetSharingView.swift,\ ContentView.swift,\ DashboardView.swift,\ EditGoalView.swift,\ FlexAdjustmentView.swift,\ GoalDetailView.swift,\ GoalsListView.swift,\ MonthlyPlanningView.swift,\ OnboardingContentView.swift,\ SearchableCurrencyPicker.swift,\ TransactionHistoryView.swift,\ CryptoSavingsTrackerApp.swift,\ GeneratedAssetSymbols.swift /Users/user/Documents/CryptoSavingsTracker/CryptoSavingsTracker/Views/AssetSharingView.swift /Users/user/Documents/CryptoSavingsTracker/CryptoSavingsTracker/Views/ContentView.swift /Users/user/Documents/CryptoSavingsTracker/CryptoSavingsTracker/Views/DashboardView.swift /Users/user/Documents/CryptoSavingsTracker/CryptoSavingsTracker/Views/EditGoalView.swift /Users/user/Documents/CryptoSavingsTracker/CryptoSavingsTracker/Views/FlexAdjustmentView.swift /Users/user/Documents/CryptoSavingsTracker/CryptoSavingsTracker/Views/GoalDetailView.swift /Users/user/Documents/CryptoSavingsTracker/CryptoSavingsTracker/Views/GoalsListView.swift /Users/user/Documents/CryptoSavingsTracker/CryptoSavingsTracker/Views/MonthlyPlanningView.swift /Users/user/Documents/CryptoSavingsTracker/CryptoSavingsTracker/Views/OnboardingContentView.swift /Users/user/Documents/CryptoSavingsTracker/CryptoSavingsTracker/Views/SearchableCurrencyPicker.swift /Users/user/Documents/CryptoSavingsTracker/CryptoSavingsTracker/Views/TransactionHistoryView.swift /Users/user/Documents/CryptoSavingsTracker/CryptoSavingsTracker/CryptoSavingsTrackerApp.swift /Users/user/Library/Developer/Xcode/DerivedData/CryptoSavingsTracker-evaaynijwpcemaawvpwtepatwgti/Build/Intermediates.noindex/CryptoSavingsTracker.build/Debug/CryptoSavingsTracker.build/DerivedSources/GeneratedAssetSymbols.swift (in target 'CryptoSavingsTracker' from project 'CryptoSavingsTracker')

** BUILD FAILED **


The following build commands failed:
	SwiftCompile normal arm64 Compiling\ ContributionService.swift,\ ExchangeRateService.swift,\ ExecutionTrackingService.swift,\ FlexAdjustmentService.swift,\ GoalCalculationService.swift,\ MigrationService.swift,\ MonthlyPlanningService.swift,\ TatumClient.swift,\ TatumModels.swift,\ TatumService.swift,\ TransactionService.swift,\ ShortcutsProvider.swift,\ AccessibilityManager.swift,\ AccessibilityViewModifiers.swift /Users/user/Documents/CryptoSavingsTracker/CryptoSavingsTracker/Services/ContributionService.swift /Users/user/Documents/CryptoSavingsTracker/CryptoSavingsTracker/Services/ExchangeRateService.swift /Users/user/Documents/CryptoSavingsTracker/CryptoSavingsTracker/Services/ExecutionTrackingService.swift /Users/user/Documents/CryptoSavingsTracker/CryptoSavingsTracker/Services/FlexAdjustmentService.swift /Users/user/Documents/CryptoSavingsTracker/CryptoSavingsTracker/Services/GoalCalculationService.swift /Users/user/Documents/CryptoSavingsTracker/CryptoSavingsTracker/Services/MigrationService.swift /Users/user/Documents/CryptoSavingsTracker/CryptoSavingsTracker/Services/MonthlyPlanningService.swift /Users/user/Documents/CryptoSavingsTracker/CryptoSavingsTracker/Services/TatumClient.swift /Users/user/Documents/CryptoSavingsTracker/CryptoSavingsTracker/Services/TatumModels.swift /Users/user/Documents/CryptoSavingsTracker/CryptoSavingsTracker/Services/TatumService.swift /Users/user/Documents/CryptoSavingsTracker/CryptoSavingsTracker/Services/TransactionService.swift /Users/user/Documents/CryptoSavingsTracker/CryptoSavingsTracker/Shortcuts/ShortcutsProvider.swift /Users/user/Documents/CryptoSavingsTracker/CryptoSavingsTracker/Utilities/AccessibilityManager.swift /Users/user/Documents/CryptoSavingsTracker/CryptoSavingsTracker/Utilities/AccessibilityViewModifiers.swift (in target 'CryptoSavingsTracker' from project 'CryptoSavingsTracker')
	SwiftCompile normal arm64 /Users/user/Documents/CryptoSavingsTracker/CryptoSavingsTracker/Services/MigrationService.swift (in target 'CryptoSavingsTracker' from project 'CryptoSavingsTracker')
	Building project CryptoSavingsTracker with scheme CryptoSavingsTracker and configuration Debug
(3 failures)
