Command line invocation:
    /Applications/Xcode-beta.app/Contents/Developer/usr/bin/xcodebuild -scheme CryptoSavingsTracker -configuration Debug -destination platform=macOS,arch=arm64 -derivedDataPath ./DerivedDataMac build

2025-08-26 20:41:12.084 xcodebuild[80121:5312495]  DVTDeviceOperation: Encountered a build number "" that is incompatible with DVTBuildVersion.
2025-08-26 20:41:12.085 xcodebuild[80121:5312411] [MT] DVTDeviceOperation: Encountered a build number "" that is incompatible with DVTBuildVersion.
ComputePackagePrebuildTargetDependencyGraph

Prepare packages

CreateBuildRequest

SendProjectDescription

CreateBuildOperation

ComputeTargetDependencyGraph
note: Building targets in dependency order
note: Target dependency graph (1 target)
    Target 'CryptoSavingsTracker' in project 'CryptoSavingsTracker' (no dependencies)

GatherProvisioningInputs

CreateBuildDescription

ExecuteExternalTool /Applications/Xcode-beta.app/Contents/Developer/Toolchains/XcodeDefault.xctoolchain/usr/bin/clang -v -E -dM -isysroot /Applications/Xcode-beta.app/Contents/Developer/Platforms/MacOSX.platform/Developer/SDKs/MacOSX26.0.sdk -x c -c /dev/null

ExecuteExternalTool /Applications/Xcode-beta.app/Contents/Developer/usr/bin/actool --version --output-format xml1

ExecuteExternalTool /Applications/Xcode-beta.app/Contents/Developer/Toolchains/XcodeDefault.xctoolchain/usr/bin/swiftc --version

ExecuteExternalTool /Applications/Xcode-beta.app/Contents/Developer/Toolchains/XcodeDefault.xctoolchain/usr/bin/ld -version_details

Build description signature: 9815b466c5bed3e201edbb78dc239d48
Build description path: /Users/user/Documents/CryptoSavingsTracker/DerivedDataMac/Build/Intermediates.noindex/XCBuildData/9815b466c5bed3e201edbb78dc239d48.xcbuilddata
ProcessProductPackaging "" /Users/user/Documents/CryptoSavingsTracker/DerivedDataMac/Build/Intermediates.noindex/CryptoSavingsTracker.build/Debug/CryptoSavingsTracker.build/CryptoSavingsTracker.app.xcent (in target 'CryptoSavingsTracker' from project 'CryptoSavingsTracker')
    cd /Users/user/Documents/CryptoSavingsTracker
    
    Entitlements:
    
    {
    "com.apple.security.app-sandbox" = 1;
    "com.apple.security.files.user-selected.read-only" = 1;
    "com.apple.security.get-task-allow" = 1;
    "com.apple.security.network.client" = 1;
}
    
    builtin-productPackagingUtility -entitlements -format xml -o /Users/user/Documents/CryptoSavingsTracker/DerivedDataMac/Build/Intermediates.noindex/CryptoSavingsTracker.build/Debug/CryptoSavingsTracker.build/CryptoSavingsTracker.app.xcent

ClangStatCache /Applications/Xcode-beta.app/Contents/Developer/Toolchains/XcodeDefault.xctoolchain/usr/bin/clang-stat-cache /Applications/Xcode-beta.app/Contents/Developer/Platforms/MacOSX.platform/Developer/SDKs/MacOSX26.0.sdk /Users/user/Documents/CryptoSavingsTracker/DerivedDataMac/SDKStatCaches.noindex/macosx26.0-25A5344a-5d9328ff1a6613a11d359de947506b52.sdkstatcache
    cd /Users/user/Documents/CryptoSavingsTracker/CryptoSavingsTracker.xcodeproj
    /Applications/Xcode-beta.app/Contents/Developer/Toolchains/XcodeDefault.xctoolchain/usr/bin/clang-stat-cache /Applications/Xcode-beta.app/Contents/Developer/Platforms/MacOSX.platform/Developer/SDKs/MacOSX26.0.sdk -o /Users/user/Documents/CryptoSavingsTracker/DerivedDataMac/SDKStatCaches.noindex/macosx26.0-25A5344a-5d9328ff1a6613a11d359de947506b52.sdkstatcache

ProcessProductPackagingDER /Users/user/Documents/CryptoSavingsTracker/DerivedDataMac/Build/Intermediates.noindex/CryptoSavingsTracker.build/Debug/CryptoSavingsTracker.build/CryptoSavingsTracker.app.xcent /Users/user/Documents/CryptoSavingsTracker/DerivedDataMac/Build/Intermediates.noindex/CryptoSavingsTracker.build/Debug/CryptoSavingsTracker.build/CryptoSavingsTracker.app.xcent.der (in target 'CryptoSavingsTracker' from project 'CryptoSavingsTracker')
    cd /Users/user/Documents/CryptoSavingsTracker
    /usr/bin/derq query -f xml -i /Users/user/Documents/CryptoSavingsTracker/DerivedDataMac/Build/Intermediates.noindex/CryptoSavingsTracker.build/Debug/CryptoSavingsTracker.build/CryptoSavingsTracker.app.xcent -o /Users/user/Documents/CryptoSavingsTracker/DerivedDataMac/Build/Intermediates.noindex/CryptoSavingsTracker.build/Debug/CryptoSavingsTracker.build/CryptoSavingsTracker.app.xcent.der --raw

ProcessInfoPlistFile /Users/user/Documents/CryptoSavingsTracker/DerivedDataMac/Build/Products/Debug/CryptoSavingsTracker.app/Contents/Info.plist /Users/user/Documents/CryptoSavingsTracker/CryptoSavingsTracker/Info.plist (in target 'CryptoSavingsTracker' from project 'CryptoSavingsTracker')
    cd /Users/user/Documents/CryptoSavingsTracker
    builtin-infoPlistUtility /Users/user/Documents/CryptoSavingsTracker/CryptoSavingsTracker/Info.plist -producttype com.apple.product-type.application -genpkginfo /Users/user/Documents/CryptoSavingsTracker/DerivedDataMac/Build/Products/Debug/CryptoSavingsTracker.app/Contents/PkgInfo -expandbuildsettings -platform macosx -additionalcontentfile /Users/user/Documents/CryptoSavingsTracker/DerivedDataMac/Build/Intermediates.noindex/CryptoSavingsTracker.build/Debug/CryptoSavingsTracker.build/assetcatalog_generated_info.plist -o /Users/user/Documents/CryptoSavingsTracker/DerivedDataMac/Build/Products/Debug/CryptoSavingsTracker.app/Contents/Info.plist
removing value "remote-notification" for "UIBackgroundModes" - not supported on macOS

SwiftDriver CryptoSavingsTracker normal arm64 com.apple.xcode.tools.swift.compiler (in target 'CryptoSavingsTracker' from project 'CryptoSavingsTracker')
    cd /Users/user/Documents/CryptoSavingsTracker
    builtin-SwiftDriver -- /Applications/Xcode-beta.app/Contents/Developer/Toolchains/XcodeDefault.xctoolchain/usr/bin/swiftc -module-name CryptoSavingsTracker -Onone -enforce-exclusivity\=checked @/Users/user/Documents/CryptoSavingsTracker/DerivedDataMac/Build/Intermediates.noindex/CryptoSavingsTracker.build/Debug/CryptoSavingsTracker.build/Objects-normal/arm64/CryptoSavingsTracker.SwiftFileList -DDEBUG -default-isolation\=MainActor -enable-bare-slash-regex -enable-upcoming-feature MemberImportVisibility -enable-experimental-feature DebugDescriptionMacro -sdk /Applications/Xcode-beta.app/Contents/Developer/Platforms/MacOSX.platform/Developer/SDKs/MacOSX26.0.sdk -target arm64-apple-macos15.5 -g -module-cache-path /Users/user/Documents/CryptoSavingsTracker/DerivedDataMac/ModuleCache.noindex -Xfrontend -serialize-debugging-options -enable-testing -index-store-path /Users/user/Documents/CryptoSavingsTracker/DerivedDataMac/Index.noindex/DataStore -Xcc -D_LIBCPP_HARDENING_MODE\=_LIBCPP_HARDENING_MODE_DEBUG -swift-version 5 -I /Users/user/Documents/CryptoSavingsTracker/DerivedDataMac/Build/Products/Debug -F /Users/user/Documents/CryptoSavingsTracker/DerivedDataMac/Build/Products/Debug -emit-localized-strings -emit-localized-strings-path /Users/user/Documents/CryptoSavingsTracker/DerivedDataMac/Build/Intermediates.noindex/CryptoSavingsTracker.build/Debug/CryptoSavingsTracker.build/Objects-normal/arm64 -c -j10 -enable-batch-mode -incremental -Xcc -ivfsstatcache -Xcc /Users/user/Documents/CryptoSavingsTracker/DerivedDataMac/SDKStatCaches.noindex/macosx26.0-25A5344a-5d9328ff1a6613a11d359de947506b52.sdkstatcache -output-file-map /Users/user/Documents/CryptoSavingsTracker/DerivedDataMac/Build/Intermediates.noindex/CryptoSavingsTracker.build/Debug/CryptoSavingsTracker.build/Objects-normal/arm64/CryptoSavingsTracker-OutputFileMap.json -use-frontend-parseable-output -save-temps -no-color-diagnostics -explicit-module-build -module-cache-path /Users/user/Documents/CryptoSavingsTracker/DerivedDataMac/Build/Intermediates.noindex/SwiftExplicitPrecompiledModules -clang-scanner-module-cache-path /Users/user/Documents/CryptoSavingsTracker/DerivedDataMac/ModuleCache.noindex -sdk-module-cache-path /Users/user/Documents/CryptoSavingsTracker/DerivedDataMac/ModuleCache.noindex -serialize-diagnostics -emit-dependencies -emit-module -emit-module-path /Users/user/Documents/CryptoSavingsTracker/DerivedDataMac/Build/Intermediates.noindex/CryptoSavingsTracker.build/Debug/CryptoSavingsTracker.build/Objects-normal/arm64/CryptoSavingsTracker.swiftmodule -validate-clang-modules-once -clang-build-session-file /Users/user/Documents/CryptoSavingsTracker/DerivedDataMac/ModuleCache.noindex/Session.modulevalidation -Xcc -I/Users/user/Documents/CryptoSavingsTracker/DerivedDataMac/Build/Intermediates.noindex/CryptoSavingsTracker.build/Debug/CryptoSavingsTracker.build/swift-overrides.hmap -emit-const-values -Xfrontend -const-gather-protocols-file -Xfrontend /Users/user/Documents/CryptoSavingsTracker/DerivedDataMac/Build/Intermediates.noindex/CryptoSavingsTracker.build/Debug/CryptoSavingsTracker.build/Objects-normal/arm64/CryptoSavingsTracker_const_extract_protocols.json -Xcc -iquote -Xcc /Users/user/Documents/CryptoSavingsTracker/DerivedDataMac/Build/Intermediates.noindex/CryptoSavingsTracker.build/Debug/CryptoSavingsTracker.build/CryptoSavingsTracker-generated-files.hmap -Xcc -I/Users/user/Documents/CryptoSavingsTracker/DerivedDataMac/Build/Intermediates.noindex/CryptoSavingsTracker.build/Debug/CryptoSavingsTracker.build/CryptoSavingsTracker-own-target-headers.hmap -Xcc -I/Users/user/Documents/CryptoSavingsTracker/DerivedDataMac/Build/Intermediates.noindex/CryptoSavingsTracker.build/Debug/CryptoSavingsTracker.build/CryptoSavingsTracker-all-target-headers.hmap -Xcc -iquote -Xcc /Users/user/Documents/CryptoSavingsTracker/DerivedDataMac/Build/Intermediates.noindex/CryptoSavingsTracker.build/Debug/CryptoSavingsTracker.build/CryptoSavingsTracker-project-headers.hmap -Xcc -I/Users/user/Documents/CryptoSavingsTracker/DerivedDataMac/Build/Products/Debug/include -Xcc -I/Users/user/Documents/CryptoSavingsTracker/DerivedDataMac/Build/Intermediates.noindex/CryptoSavingsTracker.build/Debug/CryptoSavingsTracker.build/DerivedSources-normal/arm64 -Xcc -I/Users/user/Documents/CryptoSavingsTracker/DerivedDataMac/Build/Intermediates.noindex/CryptoSavingsTracker.build/Debug/CryptoSavingsTracker.build/DerivedSources/arm64 -Xcc -I/Users/user/Documents/CryptoSavingsTracker/DerivedDataMac/Build/Intermediates.noindex/CryptoSavingsTracker.build/Debug/CryptoSavingsTracker.build/DerivedSources -Xcc -DDEBUG\=1 -emit-objc-header -emit-objc-header-path /Users/user/Documents/CryptoSavingsTracker/DerivedDataMac/Build/Intermediates.noindex/CryptoSavingsTracker.build/Debug/CryptoSavingsTracker.build/Objects-normal/arm64/CryptoSavingsTracker-Swift.h -working-directory /Users/user/Documents/CryptoSavingsTracker -experimental-emit-module-separately -disable-cmo

SwiftCompile normal arm64 Compiling\ DashboardView.swift /Users/user/Documents/CryptoSavingsTracker/CryptoSavingsTracker/Views/DashboardView.swift (in target 'CryptoSavingsTracker' from project 'CryptoSavingsTracker')

SwiftCompile normal arm64 /Users/user/Documents/CryptoSavingsTracker/CryptoSavingsTracker/Views/DashboardView.swift (in target 'CryptoSavingsTracker' from project 'CryptoSavingsTracker')
    cd /Users/user/Documents/CryptoSavingsTracker
    

SwiftCompile normal arm64 Compiling\ LineChartView.swift /Users/user/Documents/CryptoSavingsTracker/CryptoSavingsTracker/Views/Charts/LineChartView.swift (in target 'CryptoSavingsTracker' from project 'CryptoSavingsTracker')

SwiftCompile normal arm64 /Users/user/Documents/CryptoSavingsTracker/CryptoSavingsTracker/Views/Charts/LineChartView.swift (in target 'CryptoSavingsTracker' from project 'CryptoSavingsTracker')
    cd /Users/user/Documents/CryptoSavingsTracker
    

SwiftEmitModule normal arm64 Emitting\ module\ for\ CryptoSavingsTracker (in target 'CryptoSavingsTracker' from project 'CryptoSavingsTracker')

EmitSwiftModule normal arm64 (in target 'CryptoSavingsTracker' from project 'CryptoSavingsTracker')
    cd /Users/user/Documents/CryptoSavingsTracker
    
/Users/user/Documents/CryptoSavingsTracker/CryptoSavingsTracker/Services/GoalCalculationService.swift:23:59: warning: main actor-isolated static property 'shared' can not be referenced from a nonisolated context; this is an error in the Swift 6 language mode
    convenience init(container: DIContainer = DIContainer.shared) {
                                                          ^
/Users/user/Documents/CryptoSavingsTracker/CryptoSavingsTracker/Utilities/DIContainer.swift:49:16: note: static property declared here
    static let shared = DIContainer()
               ^

SwiftDriverJobDiscovery normal arm64 Compiling LineChartView.swift (in target 'CryptoSavingsTracker' from project 'CryptoSavingsTracker')

SwiftCompile normal arm64 Compiling\ ReminderConfigurationView.swift,\ DashboardComponents.swift,\ GoalComparisonView.swift,\ GoalsListContainer.swift,\ GoalsSidebarContainer.swift /Users/user/Documents/CryptoSavingsTracker/CryptoSavingsTracker/Views/Components/ReminderConfigurationView.swift /Users/user/Documents/CryptoSavingsTracker/CryptoSavingsTracker/Views/Dashboard/DashboardComponents.swift /Users/user/Documents/CryptoSavingsTracker/CryptoSavingsTracker/Views/Goals/GoalComparisonView.swift /Users/user/Documents/CryptoSavingsTracker/CryptoSavingsTracker/Views/Goals/GoalsListContainer.swift /Users/user/Documents/CryptoSavingsTracker/CryptoSavingsTracker/Views/Goals/GoalsSidebarContainer.swift (in target 'CryptoSavingsTracker' from project 'CryptoSavingsTracker')
SwiftCompile normal arm64 /Users/user/Documents/CryptoSavingsTracker/CryptoSavingsTracker/Views/Components/ReminderConfigurationView.swift (in target 'CryptoSavingsTracker' from project 'CryptoSavingsTracker')
    cd /Users/user/Documents/CryptoSavingsTracker
    

SwiftCompile normal arm64 /Users/user/Documents/CryptoSavingsTracker/CryptoSavingsTracker/Views/Dashboard/DashboardComponents.swift (in target 'CryptoSavingsTracker' from project 'CryptoSavingsTracker')
    cd /Users/user/Documents/CryptoSavingsTracker
    

SwiftCompile normal arm64 /Users/user/Documents/CryptoSavingsTracker/CryptoSavingsTracker/Views/Goals/GoalComparisonView.swift (in target 'CryptoSavingsTracker' from project 'CryptoSavingsTracker')
    cd /Users/user/Documents/CryptoSavingsTracker
    

SwiftCompile normal arm64 /Users/user/Documents/CryptoSavingsTracker/CryptoSavingsTracker/Views/Goals/GoalsListContainer.swift (in target 'CryptoSavingsTracker' from project 'CryptoSavingsTracker')
    cd /Users/user/Documents/CryptoSavingsTracker
    

SwiftCompile normal arm64 /Users/user/Documents/CryptoSavingsTracker/CryptoSavingsTracker/Views/Goals/GoalsSidebarContainer.swift (in target 'CryptoSavingsTracker' from project 'CryptoSavingsTracker')
    cd /Users/user/Documents/CryptoSavingsTracker
    

SwiftCompile normal arm64 Compiling\ EmptyStateView.swift,\ ExchangeRateWarningView.swift,\ FlexAdjustmentSlider.swift,\ GoalsSidebarView.swift,\ GoalSwitcherBar.swift /Users/user/Documents/CryptoSavingsTracker/CryptoSavingsTracker/Views/Components/EmptyStateView.swift /Users/user/Documents/CryptoSavingsTracker/CryptoSavingsTracker/Views/Components/ExchangeRateWarningView.swift /Users/user/Documents/CryptoSavingsTracker/CryptoSavingsTracker/Views/Components/FlexAdjustmentSlider.swift /Users/user/Documents/CryptoSavingsTracker/CryptoSavingsTracker/Views/Components/GoalsSidebarView.swift /Users/user/Documents/CryptoSavingsTracker/CryptoSavingsTracker/Views/Components/GoalSwitcherBar.swift (in target 'CryptoSavingsTracker' from project 'CryptoSavingsTracker')
SwiftCompile normal arm64 /Users/user/Documents/CryptoSavingsTracker/CryptoSavingsTracker/Views/Components/EmptyStateView.swift (in target 'CryptoSavingsTracker' from project 'CryptoSavingsTracker')
    cd /Users/user/Documents/CryptoSavingsTracker
    

SwiftCompile normal arm64 /Users/user/Documents/CryptoSavingsTracker/CryptoSavingsTracker/Views/Components/ExchangeRateWarningView.swift (in target 'CryptoSavingsTracker' from project 'CryptoSavingsTracker')
    cd /Users/user/Documents/CryptoSavingsTracker
    

SwiftCompile normal arm64 /Users/user/Documents/CryptoSavingsTracker/CryptoSavingsTracker/Views/Components/FlexAdjustmentSlider.swift (in target 'CryptoSavingsTracker' from project 'CryptoSavingsTracker')
    cd /Users/user/Documents/CryptoSavingsTracker
    

SwiftCompile normal arm64 /Users/user/Documents/CryptoSavingsTracker/CryptoSavingsTracker/Views/Components/GoalsSidebarView.swift (in target 'CryptoSavingsTracker' from project 'CryptoSavingsTracker')
    cd /Users/user/Documents/CryptoSavingsTracker
    

SwiftCompile normal arm64 /Users/user/Documents/CryptoSavingsTracker/CryptoSavingsTracker/Views/Components/GoalSwitcherBar.swift (in target 'CryptoSavingsTracker' from project 'CryptoSavingsTracker')
    cd /Users/user/Documents/CryptoSavingsTracker
    

SwiftCompile normal arm64 Compiling\ SimpleLineChartView.swift,\ SimpleStackedBarView.swift,\ SparklineChartView.swift,\ StackedBarChartView.swift,\ ChartErrorView.swift /Users/user/Documents/CryptoSavingsTracker/CryptoSavingsTracker/Views/Charts/SimpleLineChartView.swift /Users/user/Documents/CryptoSavingsTracker/CryptoSavingsTracker/Views/Charts/SimpleStackedBarView.swift /Users/user/Documents/CryptoSavingsTracker/CryptoSavingsTracker/Views/Charts/SparklineChartView.swift /Users/user/Documents/CryptoSavingsTracker/CryptoSavingsTracker/Views/Charts/StackedBarChartView.swift /Users/user/Documents/CryptoSavingsTracker/CryptoSavingsTracker/Views/Components/ChartErrorView.swift (in target 'CryptoSavingsTracker' from project 'CryptoSavingsTracker')
SwiftCompile normal arm64 /Users/user/Documents/CryptoSavingsTracker/CryptoSavingsTracker/Views/Charts/SimpleLineChartView.swift (in target 'CryptoSavingsTracker' from project 'CryptoSavingsTracker')
    cd /Users/user/Documents/CryptoSavingsTracker
    

SwiftCompile normal arm64 /Users/user/Documents/CryptoSavingsTracker/CryptoSavingsTracker/Views/Charts/SimpleStackedBarView.swift (in target 'CryptoSavingsTracker' from project 'CryptoSavingsTracker')
    cd /Users/user/Documents/CryptoSavingsTracker
    

SwiftCompile normal arm64 /Users/user/Documents/CryptoSavingsTracker/CryptoSavingsTracker/Views/Charts/SparklineChartView.swift (in target 'CryptoSavingsTracker' from project 'CryptoSavingsTracker')
    cd /Users/user/Documents/CryptoSavingsTracker
    

SwiftCompile normal arm64 /Users/user/Documents/CryptoSavingsTracker/CryptoSavingsTracker/Views/Charts/StackedBarChartView.swift (in target 'CryptoSavingsTracker' from project 'CryptoSavingsTracker')
    cd /Users/user/Documents/CryptoSavingsTracker
    

SwiftCompile normal arm64 /Users/user/Documents/CryptoSavingsTracker/CryptoSavingsTracker/Views/Components/ChartErrorView.swift (in target 'CryptoSavingsTracker' from project 'CryptoSavingsTracker')
    cd /Users/user/Documents/CryptoSavingsTracker
    

SwiftCompile normal arm64 Compiling\ DashboardMetricsGrid.swift,\ DetailContainerView.swift,\ EmojiPickerView.swift,\ EmptyDetailView.swift,\ EmptyGoalsView.swift /Users/user/Documents/CryptoSavingsTracker/CryptoSavingsTracker/Views/Components/DashboardMetricsGrid.swift /Users/user/Documents/CryptoSavingsTracker/CryptoSavingsTracker/Views/Components/DetailContainerView.swift /Users/user/Documents/CryptoSavingsTracker/CryptoSavingsTracker/Views/Components/EmojiPickerView.swift /Users/user/Documents/CryptoSavingsTracker/CryptoSavingsTracker/Views/Components/EmptyDetailView.swift /Users/user/Documents/CryptoSavingsTracker/CryptoSavingsTracker/Views/Components/EmptyGoalsView.swift (in target 'CryptoSavingsTracker' from project 'CryptoSavingsTracker')

SwiftCompile normal arm64 /Users/user/Documents/CryptoSavingsTracker/CryptoSavingsTracker/Views/Components/DashboardMetricsGrid.swift (in target 'CryptoSavingsTracker' from project 'CryptoSavingsTracker')
    cd /Users/user/Documents/CryptoSavingsTracker
    

SwiftCompile normal arm64 /Users/user/Documents/CryptoSavingsTracker/CryptoSavingsTracker/Views/Components/DetailContainerView.swift (in target 'CryptoSavingsTracker' from project 'CryptoSavingsTracker')
    cd /Users/user/Documents/CryptoSavingsTracker
    

SwiftCompile normal arm64 /Users/user/Documents/CryptoSavingsTracker/CryptoSavingsTracker/Views/Components/EmojiPickerView.swift (in target 'CryptoSavingsTracker' from project 'CryptoSavingsTracker')
    cd /Users/user/Documents/CryptoSavingsTracker
    

SwiftCompile normal arm64 /Users/user/Documents/CryptoSavingsTracker/CryptoSavingsTracker/Views/Components/EmptyDetailView.swift (in target 'CryptoSavingsTracker' from project 'CryptoSavingsTracker')
    cd /Users/user/Documents/CryptoSavingsTracker
    

SwiftCompile normal arm64 /Users/user/Documents/CryptoSavingsTracker/CryptoSavingsTracker/Views/Components/EmptyGoalsView.swift (in target 'CryptoSavingsTracker' from project 'CryptoSavingsTracker')
    cd /Users/user/Documents/CryptoSavingsTracker
    

SwiftCompile normal arm64 Compiling\ HelpTooltip.swift,\ HeroProgressView.swift,\ HoverTooltipView.swift,\ ImpactPreviewCard.swift,\ MonthlyPlanningWidget.swift /Users/user/Documents/CryptoSavingsTracker/CryptoSavingsTracker/Views/Components/HelpTooltip.swift /Users/user/Documents/CryptoSavingsTracker/CryptoSavingsTracker/Views/Components/HeroProgressView.swift /Users/user/Documents/CryptoSavingsTracker/CryptoSavingsTracker/Views/Components/HoverTooltipView.swift /Users/user/Documents/CryptoSavingsTracker/CryptoSavingsTracker/Views/Components/ImpactPreviewCard.swift /Users/user/Documents/CryptoSavingsTracker/CryptoSavingsTracker/Views/Components/MonthlyPlanningWidget.swift (in target 'CryptoSavingsTracker' from project 'CryptoSavingsTracker')

SwiftCompile normal arm64 /Users/user/Documents/CryptoSavingsTracker/CryptoSavingsTracker/Views/Components/HelpTooltip.swift (in target 'CryptoSavingsTracker' from project 'CryptoSavingsTracker')
    cd /Users/user/Documents/CryptoSavingsTracker
    

SwiftCompile normal arm64 /Users/user/Documents/CryptoSavingsTracker/CryptoSavingsTracker/Views/Components/HeroProgressView.swift (in target 'CryptoSavingsTracker' from project 'CryptoSavingsTracker')
    cd /Users/user/Documents/CryptoSavingsTracker
    

SwiftCompile normal arm64 /Users/user/Documents/CryptoSavingsTracker/CryptoSavingsTracker/Views/Components/HoverTooltipView.swift (in target 'CryptoSavingsTracker' from project 'CryptoSavingsTracker')
    cd /Users/user/Documents/CryptoSavingsTracker
    

SwiftCompile normal arm64 /Users/user/Documents/CryptoSavingsTracker/CryptoSavingsTracker/Views/Components/ImpactPreviewCard.swift (in target 'CryptoSavingsTracker' from project 'CryptoSavingsTracker')
    cd /Users/user/Documents/CryptoSavingsTracker
    

SwiftCompile normal arm64 /Users/user/Documents/CryptoSavingsTracker/CryptoSavingsTracker/Views/Components/MonthlyPlanningWidget.swift (in target 'CryptoSavingsTracker' from project 'CryptoSavingsTracker')
    cd /Users/user/Documents/CryptoSavingsTracker
    

SwiftCompile normal arm64 Compiling\ ChartSkeletonView.swift,\ EnhancedLineChartView.swift,\ ForecastChartView.swift,\ HeatmapCalendarView.swift,\ ProgressRingView.swift /Users/user/Documents/CryptoSavingsTracker/CryptoSavingsTracker/Views/Charts/ChartSkeletonView.swift /Users/user/Documents/CryptoSavingsTracker/CryptoSavingsTracker/Views/Charts/EnhancedLineChartView.swift /Users/user/Documents/CryptoSavingsTracker/CryptoSavingsTracker/Views/Charts/ForecastChartView.swift /Users/user/Documents/CryptoSavingsTracker/CryptoSavingsTracker/Views/Charts/HeatmapCalendarView.swift /Users/user/Documents/CryptoSavingsTracker/CryptoSavingsTracker/Views/Charts/ProgressRingView.swift (in target 'CryptoSavingsTracker' from project 'CryptoSavingsTracker')
SwiftCompile normal arm64 /Users/user/Documents/CryptoSavingsTracker/CryptoSavingsTracker/Views/Charts/ChartSkeletonView.swift (in target 'CryptoSavingsTracker' from project 'CryptoSavingsTracker')
    cd /Users/user/Documents/CryptoSavingsTracker
    

SwiftCompile normal arm64 /Users/user/Documents/CryptoSavingsTracker/CryptoSavingsTracker/Views/Charts/EnhancedLineChartView.swift (in target 'CryptoSavingsTracker' from project 'CryptoSavingsTracker')
    cd /Users/user/Documents/CryptoSavingsTracker
    

SwiftCompile normal arm64 /Users/user/Documents/CryptoSavingsTracker/CryptoSavingsTracker/Views/Charts/ForecastChartView.swift (in target 'CryptoSavingsTracker' from project 'CryptoSavingsTracker')
    cd /Users/user/Documents/CryptoSavingsTracker
    

SwiftCompile normal arm64 /Users/user/Documents/CryptoSavingsTracker/CryptoSavingsTracker/Views/Charts/HeatmapCalendarView.swift (in target 'CryptoSavingsTracker' from project 'CryptoSavingsTracker')
    cd /Users/user/Documents/CryptoSavingsTracker
    

SwiftCompile normal arm64 /Users/user/Documents/CryptoSavingsTracker/CryptoSavingsTracker/Views/Charts/ProgressRingView.swift (in target 'CryptoSavingsTracker' from project 'CryptoSavingsTracker')
    cd /Users/user/Documents/CryptoSavingsTracker
    

SwiftCompile normal arm64 Compiling\ GoalDetailView.swift,\ GoalsListView.swift,\ OnboardingContentView.swift,\ SearchableCurrencyPicker.swift /Users/user/Documents/CryptoSavingsTracker/CryptoSavingsTracker/Views/GoalDetailView.swift /Users/user/Documents/CryptoSavingsTracker/CryptoSavingsTracker/Views/GoalsListView.swift /Users/user/Documents/CryptoSavingsTracker/CryptoSavingsTracker/Views/OnboardingContentView.swift /Users/user/Documents/CryptoSavingsTracker/CryptoSavingsTracker/Views/SearchableCurrencyPicker.swift (in target 'CryptoSavingsTracker' from project 'CryptoSavingsTracker')

SwiftCompile normal arm64 /Users/user/Documents/CryptoSavingsTracker/CryptoSavingsTracker/Views/GoalDetailView.swift (in target 'CryptoSavingsTracker' from project 'CryptoSavingsTracker')
    cd /Users/user/Documents/CryptoSavingsTracker
    

SwiftCompile normal arm64 /Users/user/Documents/CryptoSavingsTracker/CryptoSavingsTracker/Views/GoalsListView.swift (in target 'CryptoSavingsTracker' from project 'CryptoSavingsTracker')
    cd /Users/user/Documents/CryptoSavingsTracker
    

SwiftCompile normal arm64 /Users/user/Documents/CryptoSavingsTracker/CryptoSavingsTracker/Views/OnboardingContentView.swift (in target 'CryptoSavingsTracker' from project 'CryptoSavingsTracker')
    cd /Users/user/Documents/CryptoSavingsTracker
    

SwiftCompile normal arm64 /Users/user/Documents/CryptoSavingsTracker/CryptoSavingsTracker/Views/SearchableCurrencyPicker.swift (in target 'CryptoSavingsTracker' from project 'CryptoSavingsTracker')
    cd /Users/user/Documents/CryptoSavingsTracker
    

SwiftCompile normal arm64 Compiling\ MonthlyPlanningSettingsView.swift,\ SettingsView.swift,\ UnifiedGoalRowView.swift,\ AddAssetView.swift /Users/user/Documents/CryptoSavingsTracker/CryptoSavingsTracker/Views/Settings/MonthlyPlanningSettingsView.swift /Users/user/Documents/CryptoSavingsTracker/CryptoSavingsTracker/Views/Settings/SettingsView.swift /Users/user/Documents/CryptoSavingsTracker/CryptoSavingsTracker/Views/Shared/UnifiedGoalRowView.swift /Users/user/Documents/CryptoSavingsTracker/CryptoSavingsTracker/Views/AddAssetView.swift (in target 'CryptoSavingsTracker' from project 'CryptoSavingsTracker')

SwiftCompile normal arm64 /Users/user/Documents/CryptoSavingsTracker/CryptoSavingsTracker/Views/Settings/MonthlyPlanningSettingsView.swift (in target 'CryptoSavingsTracker' from project 'CryptoSavingsTracker')
    cd /Users/user/Documents/CryptoSavingsTracker
    

SwiftCompile normal arm64 /Users/user/Documents/CryptoSavingsTracker/CryptoSavingsTracker/Views/Settings/SettingsView.swift (in target 'CryptoSavingsTracker' from project 'CryptoSavingsTracker')
    cd /Users/user/Documents/CryptoSavingsTracker
    

SwiftCompile normal arm64 /Users/user/Documents/CryptoSavingsTracker/CryptoSavingsTracker/Views/Shared/UnifiedGoalRowView.swift (in target 'CryptoSavingsTracker' from project 'CryptoSavingsTracker')
    cd /Users/user/Documents/CryptoSavingsTracker
    

SwiftCompile normal arm64 /Users/user/Documents/CryptoSavingsTracker/CryptoSavingsTracker/Views/AddAssetView.swift (in target 'CryptoSavingsTracker' from project 'CryptoSavingsTracker')
    cd /Users/user/Documents/CryptoSavingsTracker
    

SwiftCompile normal arm64 Compiling\ OnboardingFlowView.swift,\ OnboardingStepViews.swift,\ GoalRequirementRow.swift,\ PlanningView.swift /Users/user/Documents/CryptoSavingsTracker/CryptoSavingsTracker/Views/Onboarding/OnboardingFlowView.swift /Users/user/Documents/CryptoSavingsTracker/CryptoSavingsTracker/Views/Onboarding/OnboardingStepViews.swift /Users/user/Documents/CryptoSavingsTracker/CryptoSavingsTracker/Views/Planning/GoalRequirementRow.swift /Users/user/Documents/CryptoSavingsTracker/CryptoSavingsTracker/Views/Planning/PlanningView.swift (in target 'CryptoSavingsTracker' from project 'CryptoSavingsTracker')

SwiftCompile normal arm64 /Users/user/Documents/CryptoSavingsTracker/CryptoSavingsTracker/Views/Onboarding/OnboardingFlowView.swift (in target 'CryptoSavingsTracker' from project 'CryptoSavingsTracker')
    cd /Users/user/Documents/CryptoSavingsTracker
    

SwiftCompile normal arm64 /Users/user/Documents/CryptoSavingsTracker/CryptoSavingsTracker/Views/Onboarding/OnboardingStepViews.swift (in target 'CryptoSavingsTracker' from project 'CryptoSavingsTracker')
    cd /Users/user/Documents/CryptoSavingsTracker
    

SwiftCompile normal arm64 /Users/user/Documents/CryptoSavingsTracker/CryptoSavingsTracker/Views/Planning/GoalRequirementRow.swift (in target 'CryptoSavingsTracker' from project 'CryptoSavingsTracker')
    cd /Users/user/Documents/CryptoSavingsTracker
    

SwiftCompile normal arm64 /Users/user/Documents/CryptoSavingsTracker/CryptoSavingsTracker/Views/Planning/PlanningView.swift (in target 'CryptoSavingsTracker' from project 'CryptoSavingsTracker')
    cd /Users/user/Documents/CryptoSavingsTracker
    

SwiftCompile normal arm64 Compiling\ AddGoalView.swift,\ AddTransactionView.swift,\ ContentView.swift,\ EditGoalView.swift /Users/user/Documents/CryptoSavingsTracker/CryptoSavingsTracker/Views/AddGoalView.swift /Users/user/Documents/CryptoSavingsTracker/CryptoSavingsTracker/Views/AddTransactionView.swift /Users/user/Documents/CryptoSavingsTracker/CryptoSavingsTracker/Views/ContentView.swift /Users/user/Documents/CryptoSavingsTracker/CryptoSavingsTracker/Views/EditGoalView.swift (in target 'CryptoSavingsTracker' from project 'CryptoSavingsTracker')

SwiftCompile normal arm64 /Users/user/Documents/CryptoSavingsTracker/CryptoSavingsTracker/Views/AddGoalView.swift (in target 'CryptoSavingsTracker' from project 'CryptoSavingsTracker')
    cd /Users/user/Documents/CryptoSavingsTracker
    

SwiftCompile normal arm64 /Users/user/Documents/CryptoSavingsTracker/CryptoSavingsTracker/Views/AddTransactionView.swift (in target 'CryptoSavingsTracker' from project 'CryptoSavingsTracker')
    cd /Users/user/Documents/CryptoSavingsTracker
    

SwiftCompile normal arm64 /Users/user/Documents/CryptoSavingsTracker/CryptoSavingsTracker/Views/ContentView.swift (in target 'CryptoSavingsTracker' from project 'CryptoSavingsTracker')
    cd /Users/user/Documents/CryptoSavingsTracker
    

SwiftCompile normal arm64 /Users/user/Documents/CryptoSavingsTracker/CryptoSavingsTracker/Views/EditGoalView.swift (in target 'CryptoSavingsTracker' from project 'CryptoSavingsTracker')
    cd /Users/user/Documents/CryptoSavingsTracker
    

SwiftDriverJobDiscovery normal arm64 Compiling DashboardMetricsGrid.swift, DetailContainerView.swift, EmojiPickerView.swift, EmptyDetailView.swift, EmptyGoalsView.swift (in target 'CryptoSavingsTracker' from project 'CryptoSavingsTracker')

SwiftDriverJobDiscovery normal arm64 Compiling DashboardView.swift (in target 'CryptoSavingsTracker' from project 'CryptoSavingsTracker')

SwiftDriverJobDiscovery normal arm64 Compiling ReminderConfigurationView.swift, DashboardComponents.swift, GoalComparisonView.swift, GoalsListContainer.swift, GoalsSidebarContainer.swift (in target 'CryptoSavingsTracker' from project 'CryptoSavingsTracker')

SwiftDriverJobDiscovery normal arm64 Compiling EmptyStateView.swift, ExchangeRateWarningView.swift, FlexAdjustmentSlider.swift, GoalsSidebarView.swift, GoalSwitcherBar.swift (in target 'CryptoSavingsTracker' from project 'CryptoSavingsTracker')

SwiftDriverJobDiscovery normal arm64 Compiling HelpTooltip.swift, HeroProgressView.swift, HoverTooltipView.swift, ImpactPreviewCard.swift, MonthlyPlanningWidget.swift (in target 'CryptoSavingsTracker' from project 'CryptoSavingsTracker')

SwiftDriverJobDiscovery normal arm64 Compiling MonthlyPlanningSettingsView.swift, SettingsView.swift, UnifiedGoalRowView.swift, AddAssetView.swift (in target 'CryptoSavingsTracker' from project 'CryptoSavingsTracker')

SwiftDriverJobDiscovery normal arm64 Compiling OnboardingFlowView.swift, OnboardingStepViews.swift, GoalRequirementRow.swift, PlanningView.swift (in target 'CryptoSavingsTracker' from project 'CryptoSavingsTracker')

SwiftDriverJobDiscovery normal arm64 Compiling AddGoalView.swift, AddTransactionView.swift, ContentView.swift, EditGoalView.swift (in target 'CryptoSavingsTracker' from project 'CryptoSavingsTracker')

SwiftDriverJobDiscovery normal arm64 Compiling GoalDetailView.swift, GoalsListView.swift, OnboardingContentView.swift, SearchableCurrencyPicker.swift (in target 'CryptoSavingsTracker' from project 'CryptoSavingsTracker')

SwiftDriverJobDiscovery normal arm64 Compiling SimpleLineChartView.swift, SimpleStackedBarView.swift, SparklineChartView.swift, StackedBarChartView.swift, ChartErrorView.swift (in target 'CryptoSavingsTracker' from project 'CryptoSavingsTracker')

SwiftDriverJobDiscovery normal arm64 Compiling ChartSkeletonView.swift, EnhancedLineChartView.swift, ForecastChartView.swift, HeatmapCalendarView.swift, ProgressRingView.swift (in target 'CryptoSavingsTracker' from project 'CryptoSavingsTracker')

SwiftDriver\ Compilation CryptoSavingsTracker normal arm64 com.apple.xcode.tools.swift.compiler (in target 'CryptoSavingsTracker' from project 'CryptoSavingsTracker')
    cd /Users/user/Documents/CryptoSavingsTracker
    builtin-Swift-Compilation -- /Applications/Xcode-beta.app/Contents/Developer/Toolchains/XcodeDefault.xctoolchain/usr/bin/swiftc -module-name CryptoSavingsTracker -Onone -enforce-exclusivity\=checked @/Users/user/Documents/CryptoSavingsTracker/DerivedDataMac/Build/Intermediates.noindex/CryptoSavingsTracker.build/Debug/CryptoSavingsTracker.build/Objects-normal/arm64/CryptoSavingsTracker.SwiftFileList -DDEBUG -default-isolation\=MainActor -enable-bare-slash-regex -enable-upcoming-feature MemberImportVisibility -enable-experimental-feature DebugDescriptionMacro -sdk /Applications/Xcode-beta.app/Contents/Developer/Platforms/MacOSX.platform/Developer/SDKs/MacOSX26.0.sdk -target arm64-apple-macos15.5 -g -module-cache-path /Users/user/Documents/CryptoSavingsTracker/DerivedDataMac/ModuleCache.noindex -Xfrontend -serialize-debugging-options -enable-testing -index-store-path /Users/user/Documents/CryptoSavingsTracker/DerivedDataMac/Index.noindex/DataStore -Xcc -D_LIBCPP_HARDENING_MODE\=_LIBCPP_HARDENING_MODE_DEBUG -swift-version 5 -I /Users/user/Documents/CryptoSavingsTracker/DerivedDataMac/Build/Products/Debug -F /Users/user/Documents/CryptoSavingsTracker/DerivedDataMac/Build/Products/Debug -emit-localized-strings -emit-localized-strings-path /Users/user/Documents/CryptoSavingsTracker/DerivedDataMac/Build/Intermediates.noindex/CryptoSavingsTracker.build/Debug/CryptoSavingsTracker.build/Objects-normal/arm64 -c -j10 -enable-batch-mode -incremental -Xcc -ivfsstatcache -Xcc /Users/user/Documents/CryptoSavingsTracker/DerivedDataMac/SDKStatCaches.noindex/macosx26.0-25A5344a-5d9328ff1a6613a11d359de947506b52.sdkstatcache -output-file-map /Users/user/Documents/CryptoSavingsTracker/DerivedDataMac/Build/Intermediates.noindex/CryptoSavingsTracker.build/Debug/CryptoSavingsTracker.build/Objects-normal/arm64/CryptoSavingsTracker-OutputFileMap.json -use-frontend-parseable-output -save-temps -no-color-diagnostics -explicit-module-build -module-cache-path /Users/user/Documents/CryptoSavingsTracker/DerivedDataMac/Build/Intermediates.noindex/SwiftExplicitPrecompiledModules -clang-scanner-module-cache-path /Users/user/Documents/CryptoSavingsTracker/DerivedDataMac/ModuleCache.noindex -sdk-module-cache-path /Users/user/Documents/CryptoSavingsTracker/DerivedDataMac/ModuleCache.noindex -serialize-diagnostics -emit-dependencies -emit-module -emit-module-path /Users/user/Documents/CryptoSavingsTracker/DerivedDataMac/Build/Intermediates.noindex/CryptoSavingsTracker.build/Debug/CryptoSavingsTracker.build/Objects-normal/arm64/CryptoSavingsTracker.swiftmodule -validate-clang-modules-once -clang-build-session-file /Users/user/Documents/CryptoSavingsTracker/DerivedDataMac/ModuleCache.noindex/Session.modulevalidation -Xcc -I/Users/user/Documents/CryptoSavingsTracker/DerivedDataMac/Build/Intermediates.noindex/CryptoSavingsTracker.build/Debug/CryptoSavingsTracker.build/swift-overrides.hmap -emit-const-values -Xfrontend -const-gather-protocols-file -Xfrontend /Users/user/Documents/CryptoSavingsTracker/DerivedDataMac/Build/Intermediates.noindex/CryptoSavingsTracker.build/Debug/CryptoSavingsTracker.build/Objects-normal/arm64/CryptoSavingsTracker_const_extract_protocols.json -Xcc -iquote -Xcc /Users/user/Documents/CryptoSavingsTracker/DerivedDataMac/Build/Intermediates.noindex/CryptoSavingsTracker.build/Debug/CryptoSavingsTracker.build/CryptoSavingsTracker-generated-files.hmap -Xcc -I/Users/user/Documents/CryptoSavingsTracker/DerivedDataMac/Build/Intermediates.noindex/CryptoSavingsTracker.build/Debug/CryptoSavingsTracker.build/CryptoSavingsTracker-own-target-headers.hmap -Xcc -I/Users/user/Documents/CryptoSavingsTracker/DerivedDataMac/Build/Intermediates.noindex/CryptoSavingsTracker.build/Debug/CryptoSavingsTracker.build/CryptoSavingsTracker-all-target-headers.hmap -Xcc -iquote -Xcc /Users/user/Documents/CryptoSavingsTracker/DerivedDataMac/Build/Intermediates.noindex/CryptoSavingsTracker.build/Debug/CryptoSavingsTracker.build/CryptoSavingsTracker-project-headers.hmap -Xcc -I/Users/user/Documents/CryptoSavingsTracker/DerivedDataMac/Build/Products/Debug/include -Xcc -I/Users/user/Documents/CryptoSavingsTracker/DerivedDataMac/Build/Intermediates.noindex/CryptoSavingsTracker.build/Debug/CryptoSavingsTracker.build/DerivedSources-normal/arm64 -Xcc -I/Users/user/Documents/CryptoSavingsTracker/DerivedDataMac/Build/Intermediates.noindex/CryptoSavingsTracker.build/Debug/CryptoSavingsTracker.build/DerivedSources/arm64 -Xcc -I/Users/user/Documents/CryptoSavingsTracker/DerivedDataMac/Build/Intermediates.noindex/CryptoSavingsTracker.build/Debug/CryptoSavingsTracker.build/DerivedSources -Xcc -DDEBUG\=1 -emit-objc-header -emit-objc-header-path /Users/user/Documents/CryptoSavingsTracker/DerivedDataMac/Build/Intermediates.noindex/CryptoSavingsTracker.build/Debug/CryptoSavingsTracker.build/Objects-normal/arm64/CryptoSavingsTracker-Swift.h -working-directory /Users/user/Documents/CryptoSavingsTracker -experimental-emit-module-separately -disable-cmo

SwiftDriverJobDiscovery normal arm64 Emitting module for CryptoSavingsTracker (in target 'CryptoSavingsTracker' from project 'CryptoSavingsTracker')

SwiftDriver\ Compilation\ Requirements CryptoSavingsTracker normal arm64 com.apple.xcode.tools.swift.compiler (in target 'CryptoSavingsTracker' from project 'CryptoSavingsTracker')
    cd /Users/user/Documents/CryptoSavingsTracker
    builtin-Swift-Compilation-Requirements -- /Applications/Xcode-beta.app/Contents/Developer/Toolchains/XcodeDefault.xctoolchain/usr/bin/swiftc -module-name CryptoSavingsTracker -Onone -enforce-exclusivity\=checked @/Users/user/Documents/CryptoSavingsTracker/DerivedDataMac/Build/Intermediates.noindex/CryptoSavingsTracker.build/Debug/CryptoSavingsTracker.build/Objects-normal/arm64/CryptoSavingsTracker.SwiftFileList -DDEBUG -default-isolation\=MainActor -enable-bare-slash-regex -enable-upcoming-feature MemberImportVisibility -enable-experimental-feature DebugDescriptionMacro -sdk /Applications/Xcode-beta.app/Contents/Developer/Platforms/MacOSX.platform/Developer/SDKs/MacOSX26.0.sdk -target arm64-apple-macos15.5 -g -module-cache-path /Users/user/Documents/CryptoSavingsTracker/DerivedDataMac/ModuleCache.noindex -Xfrontend -serialize-debugging-options -enable-testing -index-store-path /Users/user/Documents/CryptoSavingsTracker/DerivedDataMac/Index.noindex/DataStore -Xcc -D_LIBCPP_HARDENING_MODE\=_LIBCPP_HARDENING_MODE_DEBUG -swift-version 5 -I /Users/user/Documents/CryptoSavingsTracker/DerivedDataMac/Build/Products/Debug -F /Users/user/Documents/CryptoSavingsTracker/DerivedDataMac/Build/Products/Debug -emit-localized-strings -emit-localized-strings-path /Users/user/Documents/CryptoSavingsTracker/DerivedDataMac/Build/Intermediates.noindex/CryptoSavingsTracker.build/Debug/CryptoSavingsTracker.build/Objects-normal/arm64 -c -j10 -enable-batch-mode -incremental -Xcc -ivfsstatcache -Xcc /Users/user/Documents/CryptoSavingsTracker/DerivedDataMac/SDKStatCaches.noindex/macosx26.0-25A5344a-5d9328ff1a6613a11d359de947506b52.sdkstatcache -output-file-map /Users/user/Documents/CryptoSavingsTracker/DerivedDataMac/Build/Intermediates.noindex/CryptoSavingsTracker.build/Debug/CryptoSavingsTracker.build/Objects-normal/arm64/CryptoSavingsTracker-OutputFileMap.json -use-frontend-parseable-output -save-temps -no-color-diagnostics -explicit-module-build -module-cache-path /Users/user/Documents/CryptoSavingsTracker/DerivedDataMac/Build/Intermediates.noindex/SwiftExplicitPrecompiledModules -clang-scanner-module-cache-path /Users/user/Documents/CryptoSavingsTracker/DerivedDataMac/ModuleCache.noindex -sdk-module-cache-path /Users/user/Documents/CryptoSavingsTracker/DerivedDataMac/ModuleCache.noindex -serialize-diagnostics -emit-dependencies -emit-module -emit-module-path /Users/user/Documents/CryptoSavingsTracker/DerivedDataMac/Build/Intermediates.noindex/CryptoSavingsTracker.build/Debug/CryptoSavingsTracker.build/Objects-normal/arm64/CryptoSavingsTracker.swiftmodule -validate-clang-modules-once -clang-build-session-file /Users/user/Documents/CryptoSavingsTracker/DerivedDataMac/ModuleCache.noindex/Session.modulevalidation -Xcc -I/Users/user/Documents/CryptoSavingsTracker/DerivedDataMac/Build/Intermediates.noindex/CryptoSavingsTracker.build/Debug/CryptoSavingsTracker.build/swift-overrides.hmap -emit-const-values -Xfrontend -const-gather-protocols-file -Xfrontend /Users/user/Documents/CryptoSavingsTracker/DerivedDataMac/Build/Intermediates.noindex/CryptoSavingsTracker.build/Debug/CryptoSavingsTracker.build/Objects-normal/arm64/CryptoSavingsTracker_const_extract_protocols.json -Xcc -iquote -Xcc /Users/user/Documents/CryptoSavingsTracker/DerivedDataMac/Build/Intermediates.noindex/CryptoSavingsTracker.build/Debug/CryptoSavingsTracker.build/CryptoSavingsTracker-generated-files.hmap -Xcc -I/Users/user/Documents/CryptoSavingsTracker/DerivedDataMac/Build/Intermediates.noindex/CryptoSavingsTracker.build/Debug/CryptoSavingsTracker.build/CryptoSavingsTracker-own-target-headers.hmap -Xcc -I/Users/user/Documents/CryptoSavingsTracker/DerivedDataMac/Build/Intermediates.noindex/CryptoSavingsTracker.build/Debug/CryptoSavingsTracker.build/CryptoSavingsTracker-all-target-headers.hmap -Xcc -iquote -Xcc /Users/user/Documents/CryptoSavingsTracker/DerivedDataMac/Build/Intermediates.noindex/CryptoSavingsTracker.build/Debug/CryptoSavingsTracker.build/CryptoSavingsTracker-project-headers.hmap -Xcc -I/Users/user/Documents/CryptoSavingsTracker/DerivedDataMac/Build/Products/Debug/include -Xcc -I/Users/user/Documents/CryptoSavingsTracker/DerivedDataMac/Build/Intermediates.noindex/CryptoSavingsTracker.build/Debug/CryptoSavingsTracker.build/DerivedSources-normal/arm64 -Xcc -I/Users/user/Documents/CryptoSavingsTracker/DerivedDataMac/Build/Intermediates.noindex/CryptoSavingsTracker.build/Debug/CryptoSavingsTracker.build/DerivedSources/arm64 -Xcc -I/Users/user/Documents/CryptoSavingsTracker/DerivedDataMac/Build/Intermediates.noindex/CryptoSavingsTracker.build/Debug/CryptoSavingsTracker.build/DerivedSources -Xcc -DDEBUG\=1 -emit-objc-header -emit-objc-header-path /Users/user/Documents/CryptoSavingsTracker/DerivedDataMac/Build/Intermediates.noindex/CryptoSavingsTracker.build/Debug/CryptoSavingsTracker.build/Objects-normal/arm64/CryptoSavingsTracker-Swift.h -working-directory /Users/user/Documents/CryptoSavingsTracker -experimental-emit-module-separately -disable-cmo

Copy /Users/user/Documents/CryptoSavingsTracker/DerivedDataMac/Build/Products/Debug/CryptoSavingsTracker.swiftmodule/arm64-apple-macos.abi.json /Users/user/Documents/CryptoSavingsTracker/DerivedDataMac/Build/Intermediates.noindex/CryptoSavingsTracker.build/Debug/CryptoSavingsTracker.build/Objects-normal/arm64/CryptoSavingsTracker.abi.json (in target 'CryptoSavingsTracker' from project 'CryptoSavingsTracker')
    cd /Users/user/Documents/CryptoSavingsTracker
    builtin-copy -exclude .DS_Store -exclude CVS -exclude .svn -exclude .git -exclude .hg -resolve-src-symlinks -rename /Users/user/Documents/CryptoSavingsTracker/DerivedDataMac/Build/Intermediates.noindex/CryptoSavingsTracker.build/Debug/CryptoSavingsTracker.build/Objects-normal/arm64/CryptoSavingsTracker.abi.json /Users/user/Documents/CryptoSavingsTracker/DerivedDataMac/Build/Products/Debug/CryptoSavingsTracker.swiftmodule/arm64-apple-macos.abi.json

Copy /Users/user/Documents/CryptoSavingsTracker/DerivedDataMac/Build/Products/Debug/CryptoSavingsTracker.swiftmodule/arm64-apple-macos.swiftmodule /Users/user/Documents/CryptoSavingsTracker/DerivedDataMac/Build/Intermediates.noindex/CryptoSavingsTracker.build/Debug/CryptoSavingsTracker.build/Objects-normal/arm64/CryptoSavingsTracker.swiftmodule (in target 'CryptoSavingsTracker' from project 'CryptoSavingsTracker')
    cd /Users/user/Documents/CryptoSavingsTracker
    builtin-copy -exclude .DS_Store -exclude CVS -exclude .svn -exclude .git -exclude .hg -resolve-src-symlinks -rename /Users/user/Documents/CryptoSavingsTracker/DerivedDataMac/Build/Intermediates.noindex/CryptoSavingsTracker.build/Debug/CryptoSavingsTracker.build/Objects-normal/arm64/CryptoSavingsTracker.swiftmodule /Users/user/Documents/CryptoSavingsTracker/DerivedDataMac/Build/Products/Debug/CryptoSavingsTracker.swiftmodule/arm64-apple-macos.swiftmodule

Ld /Users/user/Documents/CryptoSavingsTracker/DerivedDataMac/Build/Products/Debug/CryptoSavingsTracker.app/Contents/MacOS/CryptoSavingsTracker.debug.dylib normal (in target 'CryptoSavingsTracker' from project 'CryptoSavingsTracker')
    cd /Users/user/Documents/CryptoSavingsTracker
    /Applications/Xcode-beta.app/Contents/Developer/Toolchains/XcodeDefault.xctoolchain/usr/bin/clang -Xlinker -reproducible -target arm64-apple-macos15.5 -dynamiclib -isysroot /Applications/Xcode-beta.app/Contents/Developer/Platforms/MacOSX.platform/Developer/SDKs/MacOSX26.0.sdk -O0 -L/Users/user/Documents/CryptoSavingsTracker/DerivedDataMac/Build/Intermediates.noindex/EagerLinkingTBDs/Debug -L/Users/user/Documents/CryptoSavingsTracker/DerivedDataMac/Build/Products/Debug -F/Users/user/Documents/CryptoSavingsTracker/DerivedDataMac/Build/Intermediates.noindex/EagerLinkingTBDs/Debug -F/Users/user/Documents/CryptoSavingsTracker/DerivedDataMac/Build/Products/Debug -filelist /Users/user/Documents/CryptoSavingsTracker/DerivedDataMac/Build/Intermediates.noindex/CryptoSavingsTracker.build/Debug/CryptoSavingsTracker.build/Objects-normal/arm64/CryptoSavingsTracker.LinkFileList -install_name @rpath/CryptoSavingsTracker.debug.dylib -Xlinker -rpath -Xlinker /usr/lib/swift -Xlinker -rpath -Xlinker @executable_path/../Frameworks -dead_strip -Xlinker -object_path_lto -Xlinker /Users/user/Documents/CryptoSavingsTracker/DerivedDataMac/Build/Intermediates.noindex/CryptoSavingsTracker.build/Debug/CryptoSavingsTracker.build/Objects-normal/arm64/CryptoSavingsTracker_lto.o -rdynamic -Xlinker -no_deduplicate -Xlinker -dependency_info -Xlinker /Users/user/Documents/CryptoSavingsTracker/DerivedDataMac/Build/Intermediates.noindex/CryptoSavingsTracker.build/Debug/CryptoSavingsTracker.build/Objects-normal/arm64/CryptoSavingsTracker_dependency_info.dat -fobjc-link-runtime -L/Applications/Xcode-beta.app/Contents/Developer/Toolchains/XcodeDefault.xctoolchain/usr/lib/swift/macosx -L/usr/lib/swift -Xlinker -add_ast_path -Xlinker /Users/user/Documents/CryptoSavingsTracker/DerivedDataMac/Build/Intermediates.noindex/CryptoSavingsTracker.build/Debug/CryptoSavingsTracker.build/Objects-normal/arm64/CryptoSavingsTracker.swiftmodule @/Users/user/Documents/CryptoSavingsTracker/DerivedDataMac/Build/Intermediates.noindex/CryptoSavingsTracker.build/Debug/CryptoSavingsTracker.build/Objects-normal/arm64/CryptoSavingsTracker-linker-args.resp -Xlinker -alias -Xlinker _main -Xlinker ___debug_main_executable_dylib_entry_point -Xlinker -no_adhoc_codesign -o /Users/user/Documents/CryptoSavingsTracker/DerivedDataMac/Build/Products/Debug/CryptoSavingsTracker.app/Contents/MacOS/CryptoSavingsTracker.debug.dylib

Copy /Users/user/Documents/CryptoSavingsTracker/DerivedDataMac/Build/Products/Debug/CryptoSavingsTracker.swiftmodule/Project/arm64-apple-macos.swiftsourceinfo /Users/user/Documents/CryptoSavingsTracker/DerivedDataMac/Build/Intermediates.noindex/CryptoSavingsTracker.build/Debug/CryptoSavingsTracker.build/Objects-normal/arm64/CryptoSavingsTracker.swiftsourceinfo (in target 'CryptoSavingsTracker' from project 'CryptoSavingsTracker')
    cd /Users/user/Documents/CryptoSavingsTracker
    builtin-copy -exclude .DS_Store -exclude CVS -exclude .svn -exclude .git -exclude .hg -resolve-src-symlinks -rename /Users/user/Documents/CryptoSavingsTracker/DerivedDataMac/Build/Intermediates.noindex/CryptoSavingsTracker.build/Debug/CryptoSavingsTracker.build/Objects-normal/arm64/CryptoSavingsTracker.swiftsourceinfo /Users/user/Documents/CryptoSavingsTracker/DerivedDataMac/Build/Products/Debug/CryptoSavingsTracker.swiftmodule/Project/arm64-apple-macos.swiftsourceinfo

ConstructStubExecutorLinkFileList /Users/user/Documents/CryptoSavingsTracker/DerivedDataMac/Build/Intermediates.noindex/CryptoSavingsTracker.build/Debug/CryptoSavingsTracker.build/CryptoSavingsTracker-ExecutorLinkFileList-normal-arm64.txt (in target 'CryptoSavingsTracker' from project 'CryptoSavingsTracker')
    cd /Users/user/Documents/CryptoSavingsTracker
    construct-stub-executor-link-file-list /Users/user/Documents/CryptoSavingsTracker/DerivedDataMac/Build/Products/Debug/CryptoSavingsTracker.app/Contents/MacOS/CryptoSavingsTracker.debug.dylib /Applications/Xcode-beta.app/Contents/Developer/Platforms/MacOSX.platform/Developer/usr/lib/libPreviewsJITStubExecutor_no_swift_entry_point.a /Applications/Xcode-beta.app/Contents/Developer/Platforms/MacOSX.platform/Developer/usr/lib/libPreviewsJITStubExecutor.a --output /Users/user/Documents/CryptoSavingsTracker/DerivedDataMac/Build/Intermediates.noindex/CryptoSavingsTracker.build/Debug/CryptoSavingsTracker.build/CryptoSavingsTracker-ExecutorLinkFileList-normal-arm64.txt
note: Using stub executor library with Swift entry point. (in target 'CryptoSavingsTracker' from project 'CryptoSavingsTracker')

Ld /Users/user/Documents/CryptoSavingsTracker/DerivedDataMac/Build/Products/Debug/CryptoSavingsTracker.app/Contents/MacOS/CryptoSavingsTracker normal (in target 'CryptoSavingsTracker' from project 'CryptoSavingsTracker')
    cd /Users/user/Documents/CryptoSavingsTracker
    /Applications/Xcode-beta.app/Contents/Developer/Toolchains/XcodeDefault.xctoolchain/usr/bin/clang -Xlinker -reproducible -target arm64-apple-macos15.5 -isysroot /Applications/Xcode-beta.app/Contents/Developer/Platforms/MacOSX.platform/Developer/SDKs/MacOSX26.0.sdk -O0 -L/Users/user/Documents/CryptoSavingsTracker/DerivedDataMac/Build/Products/Debug -F/Users/user/Documents/CryptoSavingsTracker/DerivedDataMac/Build/Products/Debug -Xlinker -rpath -Xlinker @executable_path -Xlinker -rpath -Xlinker @executable_path/../Frameworks -rdynamic -Xlinker -no_deduplicate -e ___debug_blank_executor_main -Xlinker -sectcreate -Xlinker __TEXT -Xlinker __debug_dylib -Xlinker /Users/user/Documents/CryptoSavingsTracker/DerivedDataMac/Build/Intermediates.noindex/CryptoSavingsTracker.build/Debug/CryptoSavingsTracker.build/CryptoSavingsTracker-DebugDylibPath-normal-arm64.txt -Xlinker -sectcreate -Xlinker __TEXT -Xlinker __debug_instlnm -Xlinker /Users/user/Documents/CryptoSavingsTracker/DerivedDataMac/Build/Intermediates.noindex/CryptoSavingsTracker.build/Debug/CryptoSavingsTracker.build/CryptoSavingsTracker-DebugDylibInstallName-normal-arm64.txt -Xlinker -filelist -Xlinker /Users/user/Documents/CryptoSavingsTracker/DerivedDataMac/Build/Intermediates.noindex/CryptoSavingsTracker.build/Debug/CryptoSavingsTracker.build/CryptoSavingsTracker-ExecutorLinkFileList-normal-arm64.txt /Users/user/Documents/CryptoSavingsTracker/DerivedDataMac/Build/Products/Debug/CryptoSavingsTracker.app/Contents/MacOS/CryptoSavingsTracker.debug.dylib -Xlinker -no_adhoc_codesign -o /Users/user/Documents/CryptoSavingsTracker/DerivedDataMac/Build/Products/Debug/CryptoSavingsTracker.app/Contents/MacOS/CryptoSavingsTracker

CopySwiftLibs /Users/user/Documents/CryptoSavingsTracker/DerivedDataMac/Build/Products/Debug/CryptoSavingsTracker.app (in target 'CryptoSavingsTracker' from project 'CryptoSavingsTracker')
    cd /Users/user/Documents/CryptoSavingsTracker
    builtin-swiftStdLibTool --copy --verbose --sign 2160021861DD1F9EDCBC401D6FE67C44FF285171 --scan-executable /Users/user/Documents/CryptoSavingsTracker/DerivedDataMac/Build/Products/Debug/CryptoSavingsTracker.app/Contents/MacOS/CryptoSavingsTracker.debug.dylib --scan-folder /Users/user/Documents/CryptoSavingsTracker/DerivedDataMac/Build/Products/Debug/CryptoSavingsTracker.app/Contents/Frameworks --scan-folder /Users/user/Documents/CryptoSavingsTracker/DerivedDataMac/Build/Products/Debug/CryptoSavingsTracker.app/Contents/PlugIns --scan-folder /Users/user/Documents/CryptoSavingsTracker/DerivedDataMac/Build/Products/Debug/CryptoSavingsTracker.app/Contents/Library/SystemExtensions --scan-folder /Users/user/Documents/CryptoSavingsTracker/DerivedDataMac/Build/Products/Debug/CryptoSavingsTracker.app/Contents/Extensions --platform macosx --toolchain /Applications/Xcode-beta.app/Contents/Developer/Toolchains/XcodeDefault.xctoolchain --destination /Users/user/Documents/CryptoSavingsTracker/DerivedDataMac/Build/Products/Debug/CryptoSavingsTracker.app/Contents/Frameworks --strip-bitcode --strip-bitcode-tool /Applications/Xcode-beta.app/Contents/Developer/Toolchains/XcodeDefault.xctoolchain/usr/bin/bitcode_strip --emit-dependency-info /Users/user/Documents/CryptoSavingsTracker/DerivedDataMac/Build/Intermediates.noindex/CryptoSavingsTracker.build/Debug/CryptoSavingsTracker.build/SwiftStdLibToolInputDependencies.dep --filter-for-swift-os --back-deploy-swift-span

ExtractAppIntentsMetadata (in target 'CryptoSavingsTracker' from project 'CryptoSavingsTracker')
    cd /Users/user/Documents/CryptoSavingsTracker
    /Applications/Xcode-beta.app/Contents/Developer/Toolchains/XcodeDefault.xctoolchain/usr/bin/appintentsmetadataprocessor --toolchain-dir /Applications/Xcode-beta.app/Contents/Developer/Toolchains/XcodeDefault.xctoolchain --module-name CryptoSavingsTracker --sdk-root /Applications/Xcode-beta.app/Contents/Developer/Platforms/MacOSX.platform/Developer/SDKs/MacOSX26.0.sdk --xcode-version 17A5305f --platform-family macOS --deployment-target 15.5 --bundle-identifier xax.CryptoSavingsTracker --output /Users/user/Documents/CryptoSavingsTracker/DerivedDataMac/Build/Products/Debug/CryptoSavingsTracker.app/Contents/Resources --target-triple arm64-apple-macos15.5 --binary-file /Users/user/Documents/CryptoSavingsTracker/DerivedDataMac/Build/Products/Debug/CryptoSavingsTracker.app/Contents/MacOS/CryptoSavingsTracker --dependency-file /Users/user/Documents/CryptoSavingsTracker/DerivedDataMac/Build/Intermediates.noindex/CryptoSavingsTracker.build/Debug/CryptoSavingsTracker.build/Objects-normal/arm64/CryptoSavingsTracker_dependency_info.dat --stringsdata-file /Users/user/Documents/CryptoSavingsTracker/DerivedDataMac/Build/Intermediates.noindex/CryptoSavingsTracker.build/Debug/CryptoSavingsTracker.build/Objects-normal/arm64/ExtractedAppShortcutsMetadata.stringsdata --source-file-list /Users/user/Documents/CryptoSavingsTracker/DerivedDataMac/Build/Intermediates.noindex/CryptoSavingsTracker.build/Debug/CryptoSavingsTracker.build/Objects-normal/arm64/CryptoSavingsTracker.SwiftFileList --metadata-file-list /Users/user/Documents/CryptoSavingsTracker/DerivedDataMac/Build/Intermediates.noindex/CryptoSavingsTracker.build/Debug/CryptoSavingsTracker.build/CryptoSavingsTracker.DependencyMetadataFileList --static-metadata-file-list /Users/user/Documents/CryptoSavingsTracker/DerivedDataMac/Build/Intermediates.noindex/CryptoSavingsTracker.build/Debug/CryptoSavingsTracker.build/CryptoSavingsTracker.DependencyStaticMetadataFileList --swift-const-vals-list /Users/user/Documents/CryptoSavingsTracker/DerivedDataMac/Build/Intermediates.noindex/CryptoSavingsTracker.build/Debug/CryptoSavingsTracker.build/Objects-normal/arm64/CryptoSavingsTracker.SwiftConstValuesFileList --compile-time-extraction --deployment-aware-processing --validate-assistant-intents --no-app-shortcuts-localization
2025-08-26 20:41:29.428 appintentsmetadataprocessor[80320:5313757] Starting appintentsmetadataprocessor export
2025-08-26 20:41:29.432 appintentsmetadataprocessor[80320:5313757] warning: Metadata extraction skipped. No AppIntents.framework dependency found.

CodeSign /Users/user/Documents/CryptoSavingsTracker/DerivedDataMac/Build/Products/Debug/CryptoSavingsTracker.app/Contents/MacOS/CryptoSavingsTracker.debug.dylib (in target 'CryptoSavingsTracker' from project 'CryptoSavingsTracker')
    cd /Users/user/Documents/CryptoSavingsTracker
    
    Signing Identity:     "Apple Development:  Khasanov (TTB66998BK)"
    
    /usr/bin/codesign --force --sign 2160021861DD1F9EDCBC401D6FE67C44FF285171 -o runtime --timestamp\=none --generate-entitlement-der /Users/user/Documents/CryptoSavingsTracker/DerivedDataMac/Build/Products/Debug/CryptoSavingsTracker.app/Contents/MacOS/CryptoSavingsTracker.debug.dylib

CodeSign /Users/user/Documents/CryptoSavingsTracker/DerivedDataMac/Build/Products/Debug/CryptoSavingsTracker.app/Contents/MacOS/__preview.dylib (in target 'CryptoSavingsTracker' from project 'CryptoSavingsTracker')
    cd /Users/user/Documents/CryptoSavingsTracker
    
    Signing Identity:     "Apple Development:  Khasanov (TTB66998BK)"
    
    /usr/bin/codesign --force --sign 2160021861DD1F9EDCBC401D6FE67C44FF285171 -o runtime --timestamp\=none --generate-entitlement-der /Users/user/Documents/CryptoSavingsTracker/DerivedDataMac/Build/Products/Debug/CryptoSavingsTracker.app/Contents/MacOS/__preview.dylib
/Users/user/Documents/CryptoSavingsTracker/DerivedDataMac/Build/Products/Debug/CryptoSavingsTracker.app/Contents/MacOS/__preview.dylib: replacing existing signature

CodeSign /Users/user/Documents/CryptoSavingsTracker/DerivedDataMac/Build/Products/Debug/CryptoSavingsTracker.app (in target 'CryptoSavingsTracker' from project 'CryptoSavingsTracker')
    cd /Users/user/Documents/CryptoSavingsTracker
    
    Signing Identity:     "Apple Development:  Khasanov (TTB66998BK)"
    
    /usr/bin/codesign --force --sign 2160021861DD1F9EDCBC401D6FE67C44FF285171 -o runtime --entitlements /Users/user/Documents/CryptoSavingsTracker/DerivedDataMac/Build/Intermediates.noindex/CryptoSavingsTracker.build/Debug/CryptoSavingsTracker.build/CryptoSavingsTracker.app.xcent --timestamp\=none --generate-entitlement-der /Users/user/Documents/CryptoSavingsTracker/DerivedDataMac/Build/Products/Debug/CryptoSavingsTracker.app

Validate /Users/user/Documents/CryptoSavingsTracker/DerivedDataMac/Build/Products/Debug/CryptoSavingsTracker.app (in target 'CryptoSavingsTracker' from project 'CryptoSavingsTracker')
    cd /Users/user/Documents/CryptoSavingsTracker
    builtin-validationUtility /Users/user/Documents/CryptoSavingsTracker/DerivedDataMac/Build/Products/Debug/CryptoSavingsTracker.app -no-validate-extension -infoplist-subpath Contents/Info.plist

RegisterWithLaunchServices /Users/user/Documents/CryptoSavingsTracker/DerivedDataMac/Build/Products/Debug/CryptoSavingsTracker.app (in target 'CryptoSavingsTracker' from project 'CryptoSavingsTracker')
    cd /Users/user/Documents/CryptoSavingsTracker
    /System/Library/Frameworks/CoreServices.framework/Versions/Current/Frameworks/LaunchServices.framework/Versions/Current/Support/lsregister -f -R -trusted /Users/user/Documents/CryptoSavingsTracker/DerivedDataMac/Build/Products/Debug/CryptoSavingsTracker.app

** BUILD SUCCEEDED **

